<?xml version="1.0" encoding="UTF-8"?>
<coverage generated="1758219820905" clover="3.2.0">
  <project timestamp="1758219820905" name="All files">
    <metrics statements="48" coveredstatements="48" conditionals="8" coveredconditionals="8" methods="5" coveredmethods="5" elements="61" coveredelements="61" complexity="0" loc="48" ncloc="48" packages="6" files="8" classes="8"/>
    <package name="components.Stars">
      <metrics statements="17" coveredstatements="17" conditionals="4" coveredconditionals="4" methods="1" coveredmethods="1"/>
      <file name="stars.styled.ts" path="C:\Users\alynr\Documents\Proyectos\NTTDATA\ProyectoFinal\BOOTCAMP-0825-FRONTEND-REACT-NTT-ALYNE_REGALADO\src\components\Stars\stars.styled.ts">
        <metrics statements="3" coveredstatements="3" conditionals="0" coveredconditionals="0" methods="0" coveredmethods="0"/>
        <line num="1" count="1" type="stmt"/>
        <line num="2" count="1" type="stmt"/>
        <line num="4" count="1" type="stmt"/>
      </file>
      <file name="stars.tsx" path="C:\Users\alynr\Documents\Proyectos\NTTDATA\ProyectoFinal\BOOTCAMP-0825-FRONTEND-REACT-NTT-ALYNE_REGALADO\src\components\Stars\stars.tsx">
        <metrics statements="14" coveredstatements="14" conditionals="4" coveredconditionals="4" methods="1" coveredmethods="1"/>
        <line num="1" count="1" type="stmt"/>
        <line num="7" count="1" type="stmt"/>
        <line num="9" count="4" type="stmt"/>
        <line num="10" count="4" type="stmt"/>
        <line num="11" count="4" type="stmt"/>
        <line num="12" count="4" type="stmt"/>
        <line num="13" count="4" type="stmt"/>
        <line num="15" count="4" type="stmt"/>
        <line num="16" count="4" type="stmt"/>
        <line num="18" count="4" type="stmt"/>
        <line num="19" count="4" type="stmt"/>
        <line num="20" count="4" type="cond" truecount="2" falsecount="0"/>
        <line num="22" count="4" type="stmt"/>
        <line num="31" count="1" type="stmt"/>
      </file>
    </package>
    <package name="mappers">
      <metrics statements="2" coveredstatements="2" conditionals="0" coveredconditionals="0" methods="1" coveredmethods="1"/>
      <file name="userMapper.tsx" path="C:\Users\alynr\Documents\Proyectos\NTTDATA\ProyectoFinal\BOOTCAMP-0825-FRONTEND-REACT-NTT-ALYNE_REGALADO\src\mappers\userMapper.tsx">
        <metrics statements="2" coveredstatements="2" conditionals="0" coveredconditionals="0" methods="1" coveredmethods="1"/>
        <line num="3" count="1" type="stmt"/>
        <line num="4" count="2" type="stmt"/>
      </file>
    </package>
    <package name="services">
      <metrics statements="11" coveredstatements="11" conditionals="2" coveredconditionals="2" methods="2" coveredmethods="2"/>
      <file name="UserService.tsx" path="C:\Users\alynr\Documents\Proyectos\NTTDATA\ProyectoFinal\BOOTCAMP-0825-FRONTEND-REACT-NTT-ALYNE_REGALADO\src\services\UserService.tsx">
        <metrics statements="11" coveredstatements="11" conditionals="2" coveredconditionals="2" methods="2" coveredmethods="2"/>
        <line num="2" count="1" type="stmt"/>
        <line num="3" count="1" type="stmt"/>
        <line num="5" count="2" type="stmt"/>
        <line num="6" count="2" type="stmt"/>
        <line num="7" count="2" type="stmt"/>
        <line num="14" count="2" type="cond" truecount="2" falsecount="0"/>
        <line num="15" count="1" type="stmt"/>
        <line num="17" count="1" type="stmt"/>
        <line num="18" count="1" type="stmt"/>
        <line num="19" count="1" type="stmt"/>
        <line num="21" count="1" type="stmt"/>
      </file>
    </package>
    <package name="services.mocks">
      <metrics statements="1" coveredstatements="1" conditionals="0" coveredconditionals="0" methods="0" coveredmethods="0"/>
      <file name="userMock.ts" path="C:\Users\alynr\Documents\Proyectos\NTTDATA\ProyectoFinal\BOOTCAMP-0825-FRONTEND-REACT-NTT-ALYNE_REGALADO\src\services\mocks\userMock.ts">
        <metrics statements="1" coveredstatements="1" conditionals="0" coveredconditionals="0" methods="0" coveredmethods="0"/>
        <line num="3" count="1" type="stmt"/>
      </file>
    </package>
    <package name="services.stubs">
      <metrics statements="4" coveredstatements="4" conditionals="0" coveredconditionals="0" methods="0" coveredmethods="0"/>
      <file name="userMapperStub.ts" path="C:\Users\alynr\Documents\Proyectos\NTTDATA\ProyectoFinal\BOOTCAMP-0825-FRONTEND-REACT-NTT-ALYNE_REGALADO\src\services\stubs\userMapperStub.ts">
        <metrics statements="4" coveredstatements="4" conditionals="0" coveredconditionals="0" methods="0" coveredmethods="0"/>
        <line num="1" count="1" type="stmt"/>
        <line num="2" count="1" type="stmt"/>
        <line num="4" count="1" type="stmt"/>
        <line num="5" count="1" type="stmt"/>
      </file>
    </package>
    <package name="utils">
      <metrics statements="13" coveredstatements="13" conditionals="2" coveredconditionals="2" methods="1" coveredmethods="1"/>
      <file name="Constans.ts" path="C:\Users\alynr\Documents\Proyectos\NTTDATA\ProyectoFinal\BOOTCAMP-0825-FRONTEND-REACT-NTT-ALYNE_REGALADO\src\utils\Constans.ts">
        <metrics statements="1" coveredstatements="1" conditionals="0" coveredconditionals="0" methods="0" coveredmethods="0"/>
        <line num="1" count="1" type="stmt"/>
      </file>
      <file name="Theme.ts" path="C:\Users\alynr\Documents\Proyectos\NTTDATA\ProyectoFinal\BOOTCAMP-0825-FRONTEND-REACT-NTT-ALYNE_REGALADO\src\utils\Theme.ts">
        <metrics statements="12" coveredstatements="12" conditionals="2" coveredconditionals="2" methods="1" coveredmethods="1"/>
        <line num="1" count="1" type="cond" truecount="2" falsecount="0"/>
        <line num="2" count="1" type="stmt"/>
        <line num="3" count="1" type="stmt"/>
        <line num="4" count="1" type="stmt"/>
        <line num="5" count="1" type="stmt"/>
        <line num="6" count="1" type="stmt"/>
        <line num="7" count="1" type="stmt"/>
        <line num="8" count="1" type="stmt"/>
        <line num="9" count="1" type="stmt"/>
        <line num="10" count="1" type="stmt"/>
        <line num="11" count="1" type="stmt"/>
        <line num="12" count="1" type="stmt"/>
      </file>
    </package>
  </project>
</coverage>
