<?xml version="1.0" encoding="UTF-8"?>
<coverage generated="1758261255239" clover="3.2.0">
  <project timestamp="1758261255240" name="All files">
    <metrics statements="135" coveredstatements="134" conditionals="26" coveredconditionals="25" methods="24" coveredmethods="24" elements="185" coveredelements="183" complexity="0" loc="135" ncloc="135" packages="6" files="24" classes="24"/>
    <package name="components.Stars">
      <metrics statements="17" coveredstatements="17" conditionals="4" coveredconditionals="4" methods="1" coveredmethods="1"/>
      <file name="stars.styled.ts" path="C:\Users\alynr\Documents\Proyectos\NTTDATA\ProyectoFinal\BOOTCAMP-0825-FRONTEND-REACT-NTT-ALYNE_REGALADO\src\components\Stars\stars.styled.ts">
        <metrics statements="3" coveredstatements="3" conditionals="0" coveredconditionals="0" methods="0" coveredmethods="0"/>
        <line num="1" count="1" type="stmt"/>
        <line num="2" count="1" type="stmt"/>
        <line num="4" count="1" type="stmt"/>
      </file>
      <file name="stars.tsx" path="C:\Users\alynr\Documents\Proyectos\NTTDATA\ProyectoFinal\BOOTCAMP-0825-FRONTEND-REACT-NTT-ALYNE_REGALADO\src\components\Stars\stars.tsx">
        <metrics statements="14" coveredstatements="14" conditionals="4" coveredconditionals="4" methods="1" coveredmethods="1"/>
        <line num="1" count="1" type="stmt"/>
        <line num="7" count="1" type="stmt"/>
        <line num="9" count="4" type="stmt"/>
        <line num="10" count="4" type="stmt"/>
        <line num="11" count="4" type="stmt"/>
        <line num="12" count="4" type="stmt"/>
        <line num="13" count="4" type="stmt"/>
        <line num="15" count="4" type="stmt"/>
        <line num="16" count="4" type="stmt"/>
        <line num="18" count="4" type="stmt"/>
        <line num="19" count="4" type="stmt"/>
        <line num="20" count="4" type="cond" truecount="2" falsecount="0"/>
        <line num="22" count="4" type="stmt"/>
        <line num="31" count="1" type="stmt"/>
      </file>
    </package>
    <package name="mappers">
      <metrics statements="10" coveredstatements="10" conditionals="0" coveredconditionals="0" methods="8" coveredmethods="8"/>
      <file name="categoryMapper.tsx" path="C:\Users\alynr\Documents\Proyectos\NTTDATA\ProyectoFinal\BOOTCAMP-0825-FRONTEND-REACT-NTT-ALYNE_REGALADO\src\mappers\categoryMapper.tsx">
        <metrics statements="2" coveredstatements="2" conditionals="0" coveredconditionals="0" methods="2" coveredmethods="2"/>
        <line num="3" count="1" type="stmt"/>
        <line num="4" count="4" type="stmt"/>
      </file>
      <file name="districMapper.tsx" path="C:\Users\alynr\Documents\Proyectos\NTTDATA\ProyectoFinal\BOOTCAMP-0825-FRONTEND-REACT-NTT-ALYNE_REGALADO\src\mappers\districMapper.tsx">
        <metrics statements="2" coveredstatements="2" conditionals="0" coveredconditionals="0" methods="2" coveredmethods="2"/>
        <line num="3" count="1" type="stmt"/>
        <line num="4" count="38" type="stmt"/>
      </file>
      <file name="loginMapper.tsx" path="C:\Users\alynr\Documents\Proyectos\NTTDATA\ProyectoFinal\BOOTCAMP-0825-FRONTEND-REACT-NTT-ALYNE_REGALADO\src\mappers\loginMapper.tsx">
        <metrics statements="2" coveredstatements="2" conditionals="0" coveredconditionals="0" methods="1" coveredmethods="1"/>
        <line num="3" count="1" type="stmt"/>
        <line num="4" count="2" type="stmt"/>
      </file>
      <file name="productsMapper.tsx" path="C:\Users\alynr\Documents\Proyectos\NTTDATA\ProyectoFinal\BOOTCAMP-0825-FRONTEND-REACT-NTT-ALYNE_REGALADO\src\mappers\productsMapper.tsx">
        <metrics statements="2" coveredstatements="2" conditionals="0" coveredconditionals="0" methods="2" coveredmethods="2"/>
        <line num="3" count="1" type="stmt"/>
        <line num="4" count="6" type="stmt"/>
      </file>
      <file name="userMapper.tsx" path="C:\Users\alynr\Documents\Proyectos\NTTDATA\ProyectoFinal\BOOTCAMP-0825-FRONTEND-REACT-NTT-ALYNE_REGALADO\src\mappers\userMapper.tsx">
        <metrics statements="2" coveredstatements="2" conditionals="0" coveredconditionals="0" methods="1" coveredmethods="1"/>
        <line num="3" count="1" type="stmt"/>
        <line num="4" count="2" type="stmt"/>
      </file>
    </package>
    <package name="services">
      <metrics statements="74" coveredstatements="73" conditionals="20" coveredconditionals="19" methods="14" coveredmethods="14"/>
      <file name="CategoryService.tsx" path="C:\Users\alynr\Documents\Proyectos\NTTDATA\ProyectoFinal\BOOTCAMP-0825-FRONTEND-REACT-NTT-ALYNE_REGALADO\src\services\CategoryService.tsx">
        <metrics statements="11" coveredstatements="11" conditionals="2" coveredconditionals="2" methods="2" coveredmethods="2"/>
        <line num="1" count="1" type="stmt"/>
        <line num="3" count="1" type="stmt"/>
        <line num="5" count="2" type="stmt"/>
        <line num="6" count="2" type="stmt"/>
        <line num="7" count="2" type="stmt"/>
        <line num="8" count="2" type="cond" truecount="2" falsecount="0"/>
        <line num="9" count="1" type="stmt"/>
        <line num="11" count="1" type="stmt"/>
        <line num="12" count="1" type="stmt"/>
        <line num="13" count="1" type="stmt"/>
        <line num="15" count="1" type="stmt"/>
      </file>
      <file name="DistricService.tsx" path="C:\Users\alynr\Documents\Proyectos\NTTDATA\ProyectoFinal\BOOTCAMP-0825-FRONTEND-REACT-NTT-ALYNE_REGALADO\src\services\DistricService.tsx">
        <metrics statements="10" coveredstatements="10" conditionals="2" coveredconditionals="2" methods="2" coveredmethods="2"/>
        <line num="1" count="1" type="stmt"/>
        <line num="4" count="2" type="stmt"/>
        <line num="5" count="2" type="stmt"/>
        <line num="6" count="2" type="stmt"/>
        <line num="7" count="2" type="cond" truecount="2" falsecount="0"/>
        <line num="8" count="1" type="stmt"/>
        <line num="10" count="1" type="stmt"/>
        <line num="11" count="1" type="stmt"/>
        <line num="12" count="1" type="stmt"/>
        <line num="15" count="1" type="stmt"/>
      </file>
      <file name="LoginService.tsx" path="C:\Users\alynr\Documents\Proyectos\NTTDATA\ProyectoFinal\BOOTCAMP-0825-FRONTEND-REACT-NTT-ALYNE_REGALADO\src\services\LoginService.tsx">
        <metrics statements="22" coveredstatements="21" conditionals="10" coveredconditionals="9" methods="4" coveredmethods="4"/>
        <line num="2" count="1" type="stmt"/>
        <line num="3" count="1" type="stmt"/>
        <line num="5" count="3" type="stmt"/>
        <line num="6" count="3" type="stmt"/>
        <line num="7" count="3" type="stmt"/>
        <line num="17" count="3" type="cond" truecount="2" falsecount="0"/>
        <line num="18" count="1" type="stmt"/>
        <line num="19" count="1" type="stmt"/>
        <line num="20" count="1" type="stmt"/>
        <line num="21" count="2" type="cond" truecount="4" falsecount="0"/>
        <line num="22" count="1" type="stmt"/>
        <line num="25" count="1" type="cond" truecount="1" falsecount="1"/>
        <line num="26" count="1" type="stmt"/>
        <line num="28" count="0" type="stmt"/>
        <line num="32" count="2" type="stmt"/>
        <line num="33" count="2" type="stmt"/>
        <line num="34" count="2" type="stmt"/>
        <line num="43" count="2" type="cond" truecount="2" falsecount="0"/>
        <line num="44" count="1" type="stmt"/>
        <line num="46" count="1" type="stmt"/>
        <line num="47" count="1" type="stmt"/>
        <line num="49" count="1" type="stmt"/>
      </file>
      <file name="ProductService.tsx" path="C:\Users\alynr\Documents\Proyectos\NTTDATA\ProyectoFinal\BOOTCAMP-0825-FRONTEND-REACT-NTT-ALYNE_REGALADO\src\services\ProductService.tsx">
        <metrics statements="20" coveredstatements="20" conditionals="4" coveredconditionals="4" methods="4" coveredmethods="4"/>
        <line num="2" count="1" type="stmt"/>
        <line num="3" count="1" type="stmt"/>
        <line num="5" count="2" type="stmt"/>
        <line num="6" count="2" type="stmt"/>
        <line num="7" count="2" type="stmt"/>
        <line num="8" count="2" type="cond" truecount="2" falsecount="0"/>
        <line num="9" count="1" type="stmt"/>
        <line num="11" count="1" type="stmt"/>
        <line num="12" count="1" type="stmt"/>
        <line num="13" count="1" type="stmt"/>
        <line num="15" count="1" type="stmt"/>
        <line num="19" count="2" type="stmt"/>
        <line num="20" count="2" type="stmt"/>
        <line num="21" count="2" type="stmt"/>
        <line num="24" count="2" type="cond" truecount="2" falsecount="0"/>
        <line num="25" count="1" type="stmt"/>
        <line num="27" count="1" type="stmt"/>
        <line num="28" count="1" type="stmt"/>
        <line num="29" count="1" type="stmt"/>
        <line num="31" count="1" type="stmt"/>
      </file>
      <file name="UserService.tsx" path="C:\Users\alynr\Documents\Proyectos\NTTDATA\ProyectoFinal\BOOTCAMP-0825-FRONTEND-REACT-NTT-ALYNE_REGALADO\src\services\UserService.tsx">
        <metrics statements="11" coveredstatements="11" conditionals="2" coveredconditionals="2" methods="2" coveredmethods="2"/>
        <line num="2" count="1" type="stmt"/>
        <line num="3" count="1" type="stmt"/>
        <line num="5" count="2" type="stmt"/>
        <line num="6" count="2" type="stmt"/>
        <line num="7" count="2" type="stmt"/>
        <line num="14" count="2" type="cond" truecount="2" falsecount="0"/>
        <line num="15" count="1" type="stmt"/>
        <line num="17" count="1" type="stmt"/>
        <line num="18" count="1" type="stmt"/>
        <line num="19" count="1" type="stmt"/>
        <line num="21" count="1" type="stmt"/>
      </file>
    </package>
    <package name="services.mocks">
      <metrics statements="5" coveredstatements="5" conditionals="0" coveredconditionals="0" methods="0" coveredmethods="0"/>
      <file name="authMock.ts" path="C:\Users\alynr\Documents\Proyectos\NTTDATA\ProyectoFinal\BOOTCAMP-0825-FRONTEND-REACT-NTT-ALYNE_REGALADO\src\services\mocks\authMock.ts">
        <metrics statements="1" coveredstatements="1" conditionals="0" coveredconditionals="0" methods="0" coveredmethods="0"/>
        <line num="3" count="1" type="stmt"/>
      </file>
      <file name="categoryMock.ts" path="C:\Users\alynr\Documents\Proyectos\NTTDATA\ProyectoFinal\BOOTCAMP-0825-FRONTEND-REACT-NTT-ALYNE_REGALADO\src\services\mocks\categoryMock.ts">
        <metrics statements="1" coveredstatements="1" conditionals="0" coveredconditionals="0" methods="0" coveredmethods="0"/>
        <line num="3" count="1" type="stmt"/>
      </file>
      <file name="districMock.ts" path="C:\Users\alynr\Documents\Proyectos\NTTDATA\ProyectoFinal\BOOTCAMP-0825-FRONTEND-REACT-NTT-ALYNE_REGALADO\src\services\mocks\districMock.ts">
        <metrics statements="1" coveredstatements="1" conditionals="0" coveredconditionals="0" methods="0" coveredmethods="0"/>
        <line num="4" count="1" type="stmt"/>
      </file>
      <file name="productMock.ts" path="C:\Users\alynr\Documents\Proyectos\NTTDATA\ProyectoFinal\BOOTCAMP-0825-FRONTEND-REACT-NTT-ALYNE_REGALADO\src\services\mocks\productMock.ts">
        <metrics statements="1" coveredstatements="1" conditionals="0" coveredconditionals="0" methods="0" coveredmethods="0"/>
        <line num="3" count="1" type="stmt"/>
      </file>
      <file name="userMock.ts" path="C:\Users\alynr\Documents\Proyectos\NTTDATA\ProyectoFinal\BOOTCAMP-0825-FRONTEND-REACT-NTT-ALYNE_REGALADO\src\services\mocks\userMock.ts">
        <metrics statements="1" coveredstatements="1" conditionals="0" coveredconditionals="0" methods="0" coveredmethods="0"/>
        <line num="3" count="1" type="stmt"/>
      </file>
    </package>
    <package name="services.stubs">
      <metrics statements="16" coveredstatements="16" conditionals="0" coveredconditionals="0" methods="0" coveredmethods="0"/>
      <file name="categoryMapperStub.ts" path="C:\Users\alynr\Documents\Proyectos\NTTDATA\ProyectoFinal\BOOTCAMP-0825-FRONTEND-REACT-NTT-ALYNE_REGALADO\src\services\stubs\categoryMapperStub.ts">
        <metrics statements="3" coveredstatements="3" conditionals="0" coveredconditionals="0" methods="0" coveredmethods="0"/>
        <line num="1" count="1" type="stmt"/>
        <line num="2" count="1" type="stmt"/>
        <line num="4" count="1" type="stmt"/>
      </file>
      <file name="districMapperStub.ts" path="C:\Users\alynr\Documents\Proyectos\NTTDATA\ProyectoFinal\BOOTCAMP-0825-FRONTEND-REACT-NTT-ALYNE_REGALADO\src\services\stubs\districMapperStub.ts">
        <metrics statements="3" coveredstatements="3" conditionals="0" coveredconditionals="0" methods="0" coveredmethods="0"/>
        <line num="1" count="1" type="stmt"/>
        <line num="2" count="1" type="stmt"/>
        <line num="4" count="1" type="stmt"/>
      </file>
      <file name="loginMapperStub.ts" path="C:\Users\alynr\Documents\Proyectos\NTTDATA\ProyectoFinal\BOOTCAMP-0825-FRONTEND-REACT-NTT-ALYNE_REGALADO\src\services\stubs\loginMapperStub.ts">
        <metrics statements="3" coveredstatements="3" conditionals="0" coveredconditionals="0" methods="0" coveredmethods="0"/>
        <line num="1" count="1" type="stmt"/>
        <line num="2" count="1" type="stmt"/>
        <line num="4" count="1" type="stmt"/>
      </file>
      <file name="productMapperStub.ts" path="C:\Users\alynr\Documents\Proyectos\NTTDATA\ProyectoFinal\BOOTCAMP-0825-FRONTEND-REACT-NTT-ALYNE_REGALADO\src\services\stubs\productMapperStub.ts">
        <metrics statements="3" coveredstatements="3" conditionals="0" coveredconditionals="0" methods="0" coveredmethods="0"/>
        <line num="1" count="1" type="stmt"/>
        <line num="2" count="1" type="stmt"/>
        <line num="4" count="1" type="stmt"/>
      </file>
      <file name="userMapperStub.ts" path="C:\Users\alynr\Documents\Proyectos\NTTDATA\ProyectoFinal\BOOTCAMP-0825-FRONTEND-REACT-NTT-ALYNE_REGALADO\src\services\stubs\userMapperStub.ts">
        <metrics statements="4" coveredstatements="4" conditionals="0" coveredconditionals="0" methods="0" coveredmethods="0"/>
        <line num="1" count="1" type="stmt"/>
        <line num="2" count="1" type="stmt"/>
        <line num="4" count="1" type="stmt"/>
        <line num="5" count="1" type="stmt"/>
      </file>
    </package>
    <package name="utils">
      <metrics statements="13" coveredstatements="13" conditionals="2" coveredconditionals="2" methods="1" coveredmethods="1"/>
      <file name="Constans.ts" path="C:\Users\alynr\Documents\Proyectos\NTTDATA\ProyectoFinal\BOOTCAMP-0825-FRONTEND-REACT-NTT-ALYNE_REGALADO\src\utils\Constans.ts">
        <metrics statements="1" coveredstatements="1" conditionals="0" coveredconditionals="0" methods="0" coveredmethods="0"/>
        <line num="1" count="4" type="stmt"/>
      </file>
      <file name="Theme.ts" path="C:\Users\alynr\Documents\Proyectos\NTTDATA\ProyectoFinal\BOOTCAMP-0825-FRONTEND-REACT-NTT-ALYNE_REGALADO\src\utils\Theme.ts">
        <metrics statements="12" coveredstatements="12" conditionals="2" coveredconditionals="2" methods="1" coveredmethods="1"/>
        <line num="1" count="1" type="cond" truecount="2" falsecount="0"/>
        <line num="2" count="1" type="stmt"/>
        <line num="3" count="1" type="stmt"/>
        <line num="4" count="1" type="stmt"/>
        <line num="5" count="1" type="stmt"/>
        <line num="6" count="1" type="stmt"/>
        <line num="7" count="1" type="stmt"/>
        <line num="8" count="1" type="stmt"/>
        <line num="9" count="1" type="stmt"/>
        <line num="10" count="1" type="stmt"/>
        <line num="11" count="1" type="stmt"/>
        <line num="12" count="1" type="stmt"/>
      </file>
    </package>
  </project>
</coverage>
