{"C:\\Users\\alynr\\Documents\\Proyectos\\NTTDATA\\ProyectoFinal\\BOOTCAMP-0825-FRONTEND-REACT-NTT-ALYNE_REGALADO\\src\\components\\Stars\\stars.styled.ts": {"path":"C:\\Users\\alynr\\Documents\\Proyectos\\NTTDATA\\ProyectoFinal\\BOOTCAMP-0825-FRONTEND-REACT-NTT-ALYNE_REGALADO\\src\\components\\Stars\\stars.styled.ts","statementMap":{"0":{"start":{"line":1,"column":0},"end":{"line":1,"column":39}},"1":{"start":{"line":2,"column":0},"end":{"line":2,"column":42}},"2":{"start":{"line":4,"column":13},"end":{"line":8,"column":2}}},"fnMap":{},"branchMap":{},"s":{"0":1,"1":1,"2":1},"f":{},"b":{}}
,"C:\\Users\\alynr\\Documents\\Proyectos\\NTTDATA\\ProyectoFinal\\BOOTCAMP-0825-FRONTEND-REACT-NTT-ALYNE_REGALADO\\src\\components\\Stars\\stars.tsx": {"path":"C:\\Users\\alynr\\Documents\\Proyectos\\NTTDATA\\ProyectoFinal\\BOOTCAMP-0825-FRONTEND-REACT-NTT-ALYNE_REGALADO\\src\\components\\Stars\\stars.tsx","statementMap":{"0":{"start":{"line":1,"column":0},"end":{"line":1,"column":46}},"1":{"start":{"line":7,"column":14},"end":{"line":29,"column":1}},"2":{"start":{"line":9,"column":20},"end":{"line":9,"column":21}},"3":{"start":{"line":10,"column":23},"end":{"line":10,"column":24}},"4":{"start":{"line":11,"column":23},"end":{"line":11,"column":24}},"5":{"start":{"line":12,"column":26},"end":{"line":12,"column":27}},"6":{"start":{"line":13,"column":30},"end":{"line":13,"column":33}},"7":{"start":{"line":15,"column":20},"end":{"line":15,"column":23}},"8":{"start":{"line":16,"column":20},"end":{"line":16,"column":23}},"9":{"start":{"line":18,"column":20},"end":{"line":18,"column":38}},"10":{"start":{"line":19,"column":22},"end":{"line":19,"column":67}},"11":{"start":{"line":20,"column":21},"end":{"line":20,"column":91}},"12":{"start":{"line":22,"column":2},"end":{"line":28,"column":4}},"13":{"start":{"line":31,"column":0},"end":{"line":31,"column":null}}},"fnMap":{"0":{"name":"(anonymous_0)","decl":{"start":{"line":7,"column":14},"end":{"line":7,"column":15}},"loc":{"start":{"line":7,"column":41},"end":{"line":29,"column":1}}}},"branchMap":{"0":{"loc":{"start":{"line":20,"column":46},"end":{"line":20,"column":90}},"type":"cond-expr","locations":[{"start":{"line":20,"column":60},"end":{"line":20,"column":75}},{"start":{"line":20,"column":78},"end":{"line":20,"column":90}}]},"1":{"loc":{"start":{"line":25,"column":7},"end":{"line":25,"column":31}},"type":"binary-expr","locations":[{"start":{"line":25,"column":7},"end":{"line":25,"column":18}},{"start":{"line":25,"column":22},"end":{"line":25,"column":31}}]}},"s":{"0":1,"1":1,"2":4,"3":4,"4":4,"5":4,"6":4,"7":4,"8":4,"9":4,"10":4,"11":4,"12":4,"13":1},"f":{"0":4},"b":{"0":[1,3],"1":[4,1]}}
,"C:\\Users\\alynr\\Documents\\Proyectos\\NTTDATA\\ProyectoFinal\\BOOTCAMP-0825-FRONTEND-REACT-NTT-ALYNE_REGALADO\\src\\mappers\\categoryMapper.tsx": {"path":"C:\\Users\\alynr\\Documents\\Proyectos\\NTTDATA\\ProyectoFinal\\BOOTCAMP-0825-FRONTEND-REACT-NTT-ALYNE_REGALADO\\src\\mappers\\categoryMapper.tsx","statementMap":{"0":{"start":{"line":3,"column":35},"end":{"line":9,"column":1}},"1":{"start":{"line":4,"column":2},"end":{"line":8,"column":6}},"2":{"start":{"line":4,"column":39},"end":{"line":8,"column":4}},"3":{"start":{"line":3,"column":13},"end":{"line":3,"column":35}}},"fnMap":{"0":{"name":"(anonymous_0)","decl":{"start":{"line":3,"column":35},"end":{"line":3,"column":36}},"loc":{"start":{"line":3,"column":82},"end":{"line":9,"column":1}}},"1":{"name":"(anonymous_1)","decl":{"start":{"line":4,"column":24},"end":{"line":4,"column":25}},"loc":{"start":{"line":4,"column":39},"end":{"line":8,"column":4}}}},"branchMap":{},"s":{"0":1,"1":2,"2":4,"3":1},"f":{"0":2,"1":4},"b":{}}
,"C:\\Users\\alynr\\Documents\\Proyectos\\NTTDATA\\ProyectoFinal\\BOOTCAMP-0825-FRONTEND-REACT-NTT-ALYNE_REGALADO\\src\\mappers\\districMapper.tsx": {"path":"C:\\Users\\alynr\\Documents\\Proyectos\\NTTDATA\\ProyectoFinal\\BOOTCAMP-0825-FRONTEND-REACT-NTT-ALYNE_REGALADO\\src\\mappers\\districMapper.tsx","statementMap":{"0":{"start":{"line":3,"column":32},"end":{"line":9,"column":1}},"1":{"start":{"line":4,"column":4},"end":{"line":8,"column":null}},"2":{"start":{"line":4,"column":56},"end":{"line":8,"column":6}},"3":{"start":{"line":3,"column":13},"end":{"line":3,"column":32}}},"fnMap":{"0":{"name":"(anonymous_0)","decl":{"start":{"line":3,"column":32},"end":{"line":3,"column":33}},"loc":{"start":{"line":3,"column":84},"end":{"line":9,"column":1}}},"1":{"name":"(anonymous_1)","decl":{"start":{"line":4,"column":33},"end":{"line":4,"column":34}},"loc":{"start":{"line":4,"column":56},"end":{"line":8,"column":6}}}},"branchMap":{},"s":{"0":1,"1":2,"2":38,"3":1},"f":{"0":2,"1":38},"b":{}}
,"C:\\Users\\alynr\\Documents\\Proyectos\\NTTDATA\\ProyectoFinal\\BOOTCAMP-0825-FRONTEND-REACT-NTT-ALYNE_REGALADO\\src\\mappers\\loginMapper.tsx": {"path":"C:\\Users\\alynr\\Documents\\Proyectos\\NTTDATA\\ProyectoFinal\\BOOTCAMP-0825-FRONTEND-REACT-NTT-ALYNE_REGALADO\\src\\mappers\\loginMapper.tsx","statementMap":{"0":{"start":{"line":3,"column":27},"end":{"line":9,"column":1}},"1":{"start":{"line":4,"column":2},"end":{"line":8,"column":4}},"2":{"start":{"line":3,"column":13},"end":{"line":3,"column":27}}},"fnMap":{"0":{"name":"(anonymous_0)","decl":{"start":{"line":3,"column":27},"end":{"line":3,"column":28}},"loc":{"start":{"line":3,"column":57},"end":{"line":9,"column":1}}}},"branchMap":{},"s":{"0":1,"1":2,"2":1},"f":{"0":2},"b":{}}
,"C:\\Users\\alynr\\Documents\\Proyectos\\NTTDATA\\ProyectoFinal\\BOOTCAMP-0825-FRONTEND-REACT-NTT-ALYNE_REGALADO\\src\\mappers\\productsMapper.tsx": {"path":"C:\\Users\\alynr\\Documents\\Proyectos\\NTTDATA\\ProyectoFinal\\BOOTCAMP-0825-FRONTEND-REACT-NTT-ALYNE_REGALADO\\src\\mappers\\productsMapper.tsx","statementMap":{"0":{"start":{"line":3,"column":36},"end":{"line":15,"column":1}},"1":{"start":{"line":4,"column":2},"end":{"line":14,"column":6}},"2":{"start":{"line":4,"column":36},"end":{"line":14,"column":4}},"3":{"start":{"line":3,"column":13},"end":{"line":3,"column":36}}},"fnMap":{"0":{"name":"(anonymous_0)","decl":{"start":{"line":3,"column":36},"end":{"line":3,"column":37}},"loc":{"start":{"line":3,"column":79},"end":{"line":15,"column":1}}},"1":{"name":"(anonymous_1)","decl":{"start":{"line":4,"column":22},"end":{"line":4,"column":23}},"loc":{"start":{"line":4,"column":36},"end":{"line":14,"column":4}}}},"branchMap":{},"s":{"0":1,"1":3,"2":6,"3":1},"f":{"0":3,"1":6},"b":{}}
,"C:\\Users\\alynr\\Documents\\Proyectos\\NTTDATA\\ProyectoFinal\\BOOTCAMP-0825-FRONTEND-REACT-NTT-ALYNE_REGALADO\\src\\mappers\\userMapper.tsx": {"path":"C:\\Users\\alynr\\Documents\\Proyectos\\NTTDATA\\ProyectoFinal\\BOOTCAMP-0825-FRONTEND-REACT-NTT-ALYNE_REGALADO\\src\\mappers\\userMapper.tsx","statementMap":{"0":{"start":{"line":3,"column":33},"end":{"line":16,"column":1}},"1":{"start":{"line":4,"column":2},"end":{"line":15,"column":4}},"2":{"start":{"line":3,"column":13},"end":{"line":3,"column":33}}},"fnMap":{"0":{"name":"(anonymous_0)","decl":{"start":{"line":3,"column":33},"end":{"line":3,"column":34}},"loc":{"start":{"line":3,"column":69},"end":{"line":16,"column":1}}}},"branchMap":{},"s":{"0":1,"1":2,"2":1},"f":{"0":2},"b":{}}
,"C:\\Users\\alynr\\Documents\\Proyectos\\NTTDATA\\ProyectoFinal\\BOOTCAMP-0825-FRONTEND-REACT-NTT-ALYNE_REGALADO\\src\\services\\CategoryService.tsx": {"path":"C:\\Users\\alynr\\Documents\\Proyectos\\NTTDATA\\ProyectoFinal\\BOOTCAMP-0825-FRONTEND-REACT-NTT-ALYNE_REGALADO\\src\\services\\CategoryService.tsx","statementMap":{"0":{"start":{"line":1,"column":0},"end":{"line":1,"column":64}},"1":{"start":{"line":3,"column":0},"end":{"line":3,"column":44}},"2":{"start":{"line":5,"column":29},"end":{"line":17,"column":2}},"3":{"start":{"line":5,"column":73},"end":{"line":17,"column":2}},"4":{"start":{"line":6,"column":2},"end":{"line":16,"column":3}},"5":{"start":{"line":7,"column":21},"end":{"line":7,"column":66}},"6":{"start":{"line":8,"column":4},"end":{"line":10,"column":5}},"7":{"start":{"line":9,"column":6},"end":{"line":9,"column":89}},"8":{"start":{"line":11,"column":17},"end":{"line":11,"column":38}},"9":{"start":{"line":12,"column":23},"end":{"line":12,"column":48}},"10":{"start":{"line":13,"column":4},"end":{"line":13,"column":22}},"11":{"start":{"line":15,"column":4},"end":{"line":15,"column":60}},"12":{"start":{"line":5,"column":13},"end":{"line":5,"column":29}}},"fnMap":{"0":{"name":"(anonymous_7)","decl":{"start":{"line":5,"column":29},"end":{"line":5,"column":71}},"loc":{"start":{"line":5,"column":73},"end":{"line":17,"column":2}}},"1":{"name":"(anonymous_8)","decl":{"start":{"line":5,"column":73},"end":{"line":5,"column":null}},"loc":{"start":{"line":5,"column":73},"end":{"line":17,"column":1}}}},"branchMap":{"0":{"loc":{"start":{"line":8,"column":4},"end":{"line":10,"column":5}},"type":"if","locations":[{"start":{"line":8,"column":4},"end":{"line":10,"column":5}},{"start":{},"end":{}}]}},"s":{"0":1,"1":1,"2":1,"3":2,"4":2,"5":2,"6":2,"7":1,"8":1,"9":1,"10":1,"11":1,"12":1},"f":{"0":2,"1":2},"b":{"0":[1,1]}}
,"C:\\Users\\alynr\\Documents\\Proyectos\\NTTDATA\\ProyectoFinal\\BOOTCAMP-0825-FRONTEND-REACT-NTT-ALYNE_REGALADO\\src\\services\\DistricService.tsx": {"path":"C:\\Users\\alynr\\Documents\\Proyectos\\NTTDATA\\ProyectoFinal\\BOOTCAMP-0825-FRONTEND-REACT-NTT-ALYNE_REGALADO\\src\\services\\DistricService.tsx","statementMap":{"0":{"start":{"line":1,"column":0},"end":{"line":1,"column":60}},"1":{"start":{"line":4,"column":33},"end":{"line":18,"column":null}},"2":{"start":{"line":4,"column":76},"end":{"line":18,"column":null}},"3":{"start":{"line":5,"column":4},"end":{"line":16,"column":5}},"4":{"start":{"line":6,"column":25},"end":{"line":6,"column":55}},"5":{"start":{"line":7,"column":8},"end":{"line":9,"column":9}},"6":{"start":{"line":8,"column":12},"end":{"line":8,"column":95}},"7":{"start":{"line":10,"column":21},"end":{"line":10,"column":42}},"8":{"start":{"line":11,"column":25},"end":{"line":11,"column":57}},"9":{"start":{"line":12,"column":8},"end":{"line":12,"column":null}},"10":{"start":{"line":15,"column":8},"end":{"line":15,"column":null}},"11":{"start":{"line":4,"column":13},"end":{"line":4,"column":33}}},"fnMap":{"0":{"name":"(anonymous_7)","decl":{"start":{"line":4,"column":33},"end":{"line":4,"column":74}},"loc":{"start":{"line":4,"column":76},"end":{"line":18,"column":null}}},"1":{"name":"(anonymous_8)","decl":{"start":{"line":4,"column":76},"end":{"line":4,"column":null}},"loc":{"start":{"line":4,"column":76},"end":{"line":18,"column":1}}}},"branchMap":{"0":{"loc":{"start":{"line":7,"column":8},"end":{"line":9,"column":9}},"type":"if","locations":[{"start":{"line":7,"column":8},"end":{"line":9,"column":9}},{"start":{},"end":{}}]}},"s":{"0":1,"1":1,"2":2,"3":2,"4":2,"5":2,"6":1,"7":1,"8":1,"9":1,"10":1,"11":1},"f":{"0":2,"1":2},"b":{"0":[1,1]}}
,"C:\\Users\\alynr\\Documents\\Proyectos\\NTTDATA\\ProyectoFinal\\BOOTCAMP-0825-FRONTEND-REACT-NTT-ALYNE_REGALADO\\src\\services\\LoginService.tsx": {"path":"C:\\Users\\alynr\\Documents\\Proyectos\\NTTDATA\\ProyectoFinal\\BOOTCAMP-0825-FRONTEND-REACT-NTT-ALYNE_REGALADO\\src\\services\\LoginService.tsx","statementMap":{"0":{"start":{"line":2,"column":0},"end":{"line":2,"column":53}},"1":{"start":{"line":3,"column":0},"end":{"line":3,"column":44}},"2":{"start":{"line":5,"column":25},"end":{"line":30,"column":2}},"3":{"start":{"line":5,"column":97},"end":{"line":30,"column":2}},"4":{"start":{"line":6,"column":2},"end":{"line":29,"column":3}},"5":{"start":{"line":7,"column":21},"end":{"line":16,"column":6}},"6":{"start":{"line":17,"column":4},"end":{"line":23,"column":5}},"7":{"start":{"line":18,"column":19},"end":{"line":18,"column":40}},"8":{"start":{"line":19,"column":19},"end":{"line":19,"column":36}},"9":{"start":{"line":20,"column":6},"end":{"line":20,"column":18}},"10":{"start":{"line":21,"column":11},"end":{"line":23,"column":5}},"11":{"start":{"line":22,"column":6},"end":{"line":22,"column":48}},"12":{"start":{"line":25,"column":4},"end":{"line":27,"column":5}},"13":{"start":{"line":26,"column":6},"end":{"line":26,"column":18}},"14":{"start":{"line":28,"column":4},"end":{"line":28,"column":59}},"15":{"start":{"line":5,"column":13},"end":{"line":5,"column":25}},"16":{"start":{"line":32,"column":37},"end":{"line":51,"column":2}},"17":{"start":{"line":32,"column":97},"end":{"line":51,"column":2}},"18":{"start":{"line":33,"column":2},"end":{"line":50,"column":3}},"19":{"start":{"line":34,"column":21},"end":{"line":42,"column":6}},"20":{"start":{"line":43,"column":4},"end":{"line":45,"column":5}},"21":{"start":{"line":44,"column":6},"end":{"line":44,"column":89}},"22":{"start":{"line":46,"column":17},"end":{"line":46,"column":38}},"23":{"start":{"line":47,"column":4},"end":{"line":47,"column":28}},"24":{"start":{"line":49,"column":4},"end":{"line":49,"column":59}},"25":{"start":{"line":32,"column":13},"end":{"line":32,"column":37}}},"fnMap":{"0":{"name":"(anonymous_7)","decl":{"start":{"line":5,"column":25},"end":{"line":5,"column":32}},"loc":{"start":{"line":5,"column":97},"end":{"line":30,"column":2}}},"1":{"name":"(anonymous_8)","decl":{"start":{"line":5,"column":97},"end":{"line":5,"column":null}},"loc":{"start":{"line":5,"column":97},"end":{"line":30,"column":1}}},"2":{"name":"(anonymous_9)","decl":{"start":{"line":32,"column":37},"end":{"line":32,"column":44}},"loc":{"start":{"line":32,"column":97},"end":{"line":51,"column":2}}},"3":{"name":"(anonymous_10)","decl":{"start":{"line":32,"column":97},"end":{"line":32,"column":null}},"loc":{"start":{"line":32,"column":97},"end":{"line":51,"column":1}}}},"branchMap":{"0":{"loc":{"start":{"line":17,"column":4},"end":{"line":23,"column":5}},"type":"if","locations":[{"start":{"line":17,"column":4},"end":{"line":23,"column":5}},{"start":{"line":21,"column":11},"end":{"line":23,"column":5}}]},"1":{"loc":{"start":{"line":21,"column":11},"end":{"line":23,"column":5}},"type":"if","locations":[{"start":{"line":21,"column":11},"end":{"line":23,"column":5}},{"start":{},"end":{}}]},"2":{"loc":{"start":{"line":21,"column":15},"end":{"line":21,"column":65}},"type":"binary-expr","locations":[{"start":{"line":21,"column":15},"end":{"line":21,"column":38}},{"start":{"line":21,"column":42},"end":{"line":21,"column":65}}]},"3":{"loc":{"start":{"line":25,"column":4},"end":{"line":27,"column":5}},"type":"if","locations":[{"start":{"line":25,"column":4},"end":{"line":27,"column":5}},{"start":{},"end":{}}]},"4":{"loc":{"start":{"line":43,"column":4},"end":{"line":45,"column":5}},"type":"if","locations":[{"start":{"line":43,"column":4},"end":{"line":45,"column":5}},{"start":{},"end":{}}]}},"s":{"0":1,"1":1,"2":1,"3":3,"4":3,"5":3,"6":3,"7":1,"8":1,"9":1,"10":2,"11":1,"12":1,"13":1,"14":0,"15":1,"16":1,"17":2,"18":2,"19":2,"20":2,"21":1,"22":1,"23":1,"24":1,"25":1},"f":{"0":3,"1":3,"2":2,"3":2},"b":{"0":[1,2],"1":[1,1],"2":[2,2],"3":[1,0],"4":[1,1]}}
,"C:\\Users\\alynr\\Documents\\Proyectos\\NTTDATA\\ProyectoFinal\\BOOTCAMP-0825-FRONTEND-REACT-NTT-ALYNE_REGALADO\\src\\services\\ProductService.tsx": {"path":"C:\\Users\\alynr\\Documents\\Proyectos\\NTTDATA\\ProyectoFinal\\BOOTCAMP-0825-FRONTEND-REACT-NTT-ALYNE_REGALADO\\src\\services\\ProductService.tsx","statementMap":{"0":{"start":{"line":2,"column":0},"end":{"line":2,"column":65}},"1":{"start":{"line":3,"column":0},"end":{"line":3,"column":44}},"2":{"start":{"line":5,"column":30},"end":{"line":17,"column":2}},"3":{"start":{"line":5,"column":73},"end":{"line":17,"column":2}},"4":{"start":{"line":6,"column":2},"end":{"line":16,"column":3}},"5":{"start":{"line":7,"column":21},"end":{"line":7,"column":63}},"6":{"start":{"line":8,"column":4},"end":{"line":10,"column":5}},"7":{"start":{"line":9,"column":6},"end":{"line":9,"column":89}},"8":{"start":{"line":11,"column":17},"end":{"line":11,"column":38}},"9":{"start":{"line":12,"column":21},"end":{"line":12,"column":56}},"10":{"start":{"line":13,"column":4},"end":{"line":13,"column":20}},"11":{"start":{"line":15,"column":4},"end":{"line":15,"column":59}},"12":{"start":{"line":5,"column":13},"end":{"line":5,"column":30}},"13":{"start":{"line":19,"column":37},"end":{"line":33,"column":2}},"14":{"start":{"line":19,"column":89},"end":{"line":33,"column":2}},"15":{"start":{"line":20,"column":2},"end":{"line":32,"column":3}},"16":{"start":{"line":21,"column":21},"end":{"line":22,"column":null}},"17":{"start":{"line":24,"column":4},"end":{"line":26,"column":5}},"18":{"start":{"line":25,"column":6},"end":{"line":25,"column":89}},"19":{"start":{"line":27,"column":17},"end":{"line":27,"column":38}},"20":{"start":{"line":28,"column":21},"end":{"line":28,"column":56}},"21":{"start":{"line":29,"column":4},"end":{"line":29,"column":20}},"22":{"start":{"line":31,"column":4},"end":{"line":31,"column":59}},"23":{"start":{"line":19,"column":13},"end":{"line":19,"column":37}}},"fnMap":{"0":{"name":"(anonymous_7)","decl":{"start":{"line":5,"column":30},"end":{"line":5,"column":71}},"loc":{"start":{"line":5,"column":73},"end":{"line":17,"column":2}}},"1":{"name":"(anonymous_8)","decl":{"start":{"line":5,"column":73},"end":{"line":5,"column":null}},"loc":{"start":{"line":5,"column":73},"end":{"line":17,"column":1}}},"2":{"name":"(anonymous_9)","decl":{"start":{"line":19,"column":37},"end":{"line":19,"column":44}},"loc":{"start":{"line":19,"column":89},"end":{"line":33,"column":2}}},"3":{"name":"(anonymous_10)","decl":{"start":{"line":19,"column":89},"end":{"line":19,"column":null}},"loc":{"start":{"line":19,"column":89},"end":{"line":33,"column":1}}}},"branchMap":{"0":{"loc":{"start":{"line":8,"column":4},"end":{"line":10,"column":5}},"type":"if","locations":[{"start":{"line":8,"column":4},"end":{"line":10,"column":5}},{"start":{},"end":{}}]},"1":{"loc":{"start":{"line":24,"column":4},"end":{"line":26,"column":5}},"type":"if","locations":[{"start":{"line":24,"column":4},"end":{"line":26,"column":5}},{"start":{},"end":{}}]}},"s":{"0":1,"1":1,"2":1,"3":2,"4":2,"5":2,"6":2,"7":1,"8":1,"9":1,"10":1,"11":1,"12":1,"13":1,"14":2,"15":2,"16":2,"17":2,"18":1,"19":1,"20":1,"21":1,"22":1,"23":1},"f":{"0":2,"1":2,"2":2,"3":2},"b":{"0":[1,1],"1":[1,1]}}
,"C:\\Users\\alynr\\Documents\\Proyectos\\NTTDATA\\ProyectoFinal\\BOOTCAMP-0825-FRONTEND-REACT-NTT-ALYNE_REGALADO\\src\\services\\UserService.tsx": {"path":"C:\\Users\\alynr\\Documents\\Proyectos\\NTTDATA\\ProyectoFinal\\BOOTCAMP-0825-FRONTEND-REACT-NTT-ALYNE_REGALADO\\src\\services\\UserService.tsx","statementMap":{"0":{"start":{"line":2,"column":0},"end":{"line":2,"column":58}},"1":{"start":{"line":3,"column":0},"end":{"line":3,"column":43}},"2":{"start":{"line":5,"column":27},"end":{"line":23,"column":null}},"3":{"start":{"line":5,"column":84},"end":{"line":23,"column":null}},"4":{"start":{"line":6,"column":2},"end":{"line":22,"column":3}},"5":{"start":{"line":7,"column":21},"end":{"line":13,"column":6}},"6":{"start":{"line":14,"column":4},"end":{"line":16,"column":5}},"7":{"start":{"line":15,"column":6},"end":{"line":15,"column":89}},"8":{"start":{"line":17,"column":17},"end":{"line":17,"column":38}},"9":{"start":{"line":18,"column":17},"end":{"line":18,"column":40}},"10":{"start":{"line":19,"column":4},"end":{"line":19,"column":null}},"11":{"start":{"line":21,"column":4},"end":{"line":21,"column":null}},"12":{"start":{"line":5,"column":13},"end":{"line":5,"column":27}}},"fnMap":{"0":{"name":"(anonymous_7)","decl":{"start":{"line":5,"column":27},"end":{"line":5,"column":34}},"loc":{"start":{"line":5,"column":84},"end":{"line":23,"column":null}}},"1":{"name":"(anonymous_8)","decl":{"start":{"line":5,"column":84},"end":{"line":5,"column":null}},"loc":{"start":{"line":5,"column":84},"end":{"line":23,"column":1}}}},"branchMap":{"0":{"loc":{"start":{"line":14,"column":4},"end":{"line":16,"column":5}},"type":"if","locations":[{"start":{"line":14,"column":4},"end":{"line":16,"column":5}},{"start":{},"end":{}}]}},"s":{"0":1,"1":1,"2":1,"3":2,"4":2,"5":2,"6":2,"7":1,"8":1,"9":1,"10":1,"11":1,"12":1},"f":{"0":2,"1":2},"b":{"0":[1,1]}}
,"C:\\Users\\alynr\\Documents\\Proyectos\\NTTDATA\\ProyectoFinal\\BOOTCAMP-0825-FRONTEND-REACT-NTT-ALYNE_REGALADO\\src\\services\\mocks\\authMock.ts": {"path":"C:\\Users\\alynr\\Documents\\Proyectos\\NTTDATA\\ProyectoFinal\\BOOTCAMP-0825-FRONTEND-REACT-NTT-ALYNE_REGALADO\\src\\services\\mocks\\authMock.ts","statementMap":{"0":{"start":{"line":3,"column":13},"end":{"line":7,"column":2}}},"fnMap":{},"branchMap":{},"s":{"0":1},"f":{},"b":{}}
,"C:\\Users\\alynr\\Documents\\Proyectos\\NTTDATA\\ProyectoFinal\\BOOTCAMP-0825-FRONTEND-REACT-NTT-ALYNE_REGALADO\\src\\services\\mocks\\categoryMock.ts": {"path":"C:\\Users\\alynr\\Documents\\Proyectos\\NTTDATA\\ProyectoFinal\\BOOTCAMP-0825-FRONTEND-REACT-NTT-ALYNE_REGALADO\\src\\services\\mocks\\categoryMock.ts","statementMap":{"0":{"start":{"line":3,"column":13},"end":{"line":14,"column":2}}},"fnMap":{},"branchMap":{},"s":{"0":1},"f":{},"b":{}}
,"C:\\Users\\alynr\\Documents\\Proyectos\\NTTDATA\\ProyectoFinal\\BOOTCAMP-0825-FRONTEND-REACT-NTT-ALYNE_REGALADO\\src\\services\\mocks\\districMock.ts": {"path":"C:\\Users\\alynr\\Documents\\Proyectos\\NTTDATA\\ProyectoFinal\\BOOTCAMP-0825-FRONTEND-REACT-NTT-ALYNE_REGALADO\\src\\services\\mocks\\districMock.ts","statementMap":{"0":{"start":{"line":4,"column":13},"end":{"line":26,"column":2}}},"fnMap":{},"branchMap":{},"s":{"0":1},"f":{},"b":{}}
,"C:\\Users\\alynr\\Documents\\Proyectos\\NTTDATA\\ProyectoFinal\\BOOTCAMP-0825-FRONTEND-REACT-NTT-ALYNE_REGALADO\\src\\services\\mocks\\productMock.ts": {"path":"C:\\Users\\alynr\\Documents\\Proyectos\\NTTDATA\\ProyectoFinal\\BOOTCAMP-0825-FRONTEND-REACT-NTT-ALYNE_REGALADO\\src\\services\\mocks\\productMock.ts","statementMap":{"0":{"start":{"line":3,"column":13},"end":{"line":34,"column":2}}},"fnMap":{},"branchMap":{},"s":{"0":1},"f":{},"b":{}}
,"C:\\Users\\alynr\\Documents\\Proyectos\\NTTDATA\\ProyectoFinal\\BOOTCAMP-0825-FRONTEND-REACT-NTT-ALYNE_REGALADO\\src\\services\\mocks\\userMock.ts": {"path":"C:\\Users\\alynr\\Documents\\Proyectos\\NTTDATA\\ProyectoFinal\\BOOTCAMP-0825-FRONTEND-REACT-NTT-ALYNE_REGALADO\\src\\services\\mocks\\userMock.ts","statementMap":{"0":{"start":{"line":3,"column":13},"end":{"line":13,"column":2}}},"fnMap":{},"branchMap":{},"s":{"0":1},"f":{},"b":{}}
,"C:\\Users\\alynr\\Documents\\Proyectos\\NTTDATA\\ProyectoFinal\\BOOTCAMP-0825-FRONTEND-REACT-NTT-ALYNE_REGALADO\\src\\services\\stubs\\categoryMapperStub.ts": {"path":"C:\\Users\\alynr\\Documents\\Proyectos\\NTTDATA\\ProyectoFinal\\BOOTCAMP-0825-FRONTEND-REACT-NTT-ALYNE_REGALADO\\src\\services\\stubs\\categoryMapperStub.ts","statementMap":{"0":{"start":{"line":1,"column":0},"end":{"line":1,"column":67}},"1":{"start":{"line":2,"column":0},"end":{"line":2,"column":53}},"2":{"start":{"line":4,"column":13},"end":{"line":4,"column":62}}},"fnMap":{},"branchMap":{},"s":{"0":1,"1":1,"2":1},"f":{},"b":{}}
,"C:\\Users\\alynr\\Documents\\Proyectos\\NTTDATA\\ProyectoFinal\\BOOTCAMP-0825-FRONTEND-REACT-NTT-ALYNE_REGALADO\\src\\services\\stubs\\districMapperStub.ts": {"path":"C:\\Users\\alynr\\Documents\\Proyectos\\NTTDATA\\ProyectoFinal\\BOOTCAMP-0825-FRONTEND-REACT-NTT-ALYNE_REGALADO\\src\\services\\stubs\\districMapperStub.ts","statementMap":{"0":{"start":{"line":1,"column":0},"end":{"line":1,"column":63}},"1":{"start":{"line":2,"column":0},"end":{"line":2,"column":51}},"2":{"start":{"line":4,"column":13},"end":{"line":4,"column":67}}},"fnMap":{},"branchMap":{},"s":{"0":1,"1":1,"2":1},"f":{},"b":{}}
,"C:\\Users\\alynr\\Documents\\Proyectos\\NTTDATA\\ProyectoFinal\\BOOTCAMP-0825-FRONTEND-REACT-NTT-ALYNE_REGALADO\\src\\services\\stubs\\loginMapperStub.ts": {"path":"C:\\Users\\alynr\\Documents\\Proyectos\\NTTDATA\\ProyectoFinal\\BOOTCAMP-0825-FRONTEND-REACT-NTT-ALYNE_REGALADO\\src\\services\\stubs\\loginMapperStub.ts","statementMap":{"0":{"start":{"line":1,"column":0},"end":{"line":1,"column":56}},"1":{"start":{"line":2,"column":0},"end":{"line":2,"column":45}},"2":{"start":{"line":4,"column":13},"end":{"line":4,"column":46}}},"fnMap":{},"branchMap":{},"s":{"0":1,"1":1,"2":1},"f":{},"b":{}}
,"C:\\Users\\alynr\\Documents\\Proyectos\\NTTDATA\\ProyectoFinal\\BOOTCAMP-0825-FRONTEND-REACT-NTT-ALYNE_REGALADO\\src\\services\\stubs\\productMapperStub.ts": {"path":"C:\\Users\\alynr\\Documents\\Proyectos\\NTTDATA\\ProyectoFinal\\BOOTCAMP-0825-FRONTEND-REACT-NTT-ALYNE_REGALADO\\src\\services\\stubs\\productMapperStub.ts","statementMap":{"0":{"start":{"line":1,"column":0},"end":{"line":1,"column":68}},"1":{"start":{"line":2,"column":0},"end":{"line":2,"column":51}},"2":{"start":{"line":4,"column":13},"end":{"line":4,"column":71}}},"fnMap":{},"branchMap":{},"s":{"0":1,"1":1,"2":1},"f":{},"b":{}}
,"C:\\Users\\alynr\\Documents\\Proyectos\\NTTDATA\\ProyectoFinal\\BOOTCAMP-0825-FRONTEND-REACT-NTT-ALYNE_REGALADO\\src\\services\\stubs\\userMapperStub.ts": {"path":"C:\\Users\\alynr\\Documents\\Proyectos\\NTTDATA\\ProyectoFinal\\BOOTCAMP-0825-FRONTEND-REACT-NTT-ALYNE_REGALADO\\src\\services\\stubs\\userMapperStub.ts","statementMap":{"0":{"start":{"line":1,"column":0},"end":{"line":1,"column":61}},"1":{"start":{"line":2,"column":0},"end":{"line":2,"column":45}},"2":{"start":{"line":4,"column":13},"end":{"line":4,"column":null}},"3":{"start":{"line":5,"column":0},"end":{"line":7,"column":null}}},"fnMap":{},"branchMap":{},"s":{"0":1,"1":1,"2":1,"3":1},"f":{},"b":{}}
,"C:\\Users\\alynr\\Documents\\Proyectos\\NTTDATA\\ProyectoFinal\\BOOTCAMP-0825-FRONTEND-REACT-NTT-ALYNE_REGALADO\\src\\utils\\Constans.ts": {"path":"C:\\Users\\alynr\\Documents\\Proyectos\\NTTDATA\\ProyectoFinal\\BOOTCAMP-0825-FRONTEND-REACT-NTT-ALYNE_REGALADO\\src\\utils\\Constans.ts","statementMap":{"0":{"start":{"line":1,"column":13},"end":{"line":1,"column":47}}},"fnMap":{},"branchMap":{},"s":{"0":4},"f":{},"b":{}}
,"C:\\Users\\alynr\\Documents\\Proyectos\\NTTDATA\\ProyectoFinal\\BOOTCAMP-0825-FRONTEND-REACT-NTT-ALYNE_REGALADO\\src\\utils\\Theme.ts": {"path":"C:\\Users\\alynr\\Documents\\Proyectos\\NTTDATA\\ProyectoFinal\\BOOTCAMP-0825-FRONTEND-REACT-NTT-ALYNE_REGALADO\\src\\utils\\Theme.ts","statementMap":{"0":{"start":{"line":1,"column":0},"end":{"line":1,"column":null}},"1":{"start":{"line":2,"column":2},"end":{"line":2,"column":null}},"2":{"start":{"line":3,"column":2},"end":{"line":3,"column":null}},"3":{"start":{"line":4,"column":2},"end":{"line":4,"column":null}},"4":{"start":{"line":5,"column":2},"end":{"line":5,"column":null}},"5":{"start":{"line":6,"column":2},"end":{"line":6,"column":null}},"6":{"start":{"line":7,"column":2},"end":{"line":7,"column":null}},"7":{"start":{"line":8,"column":2},"end":{"line":8,"column":null}},"8":{"start":{"line":9,"column":2},"end":{"line":9,"column":null}},"9":{"start":{"line":10,"column":2},"end":{"line":10,"column":null}},"10":{"start":{"line":11,"column":2},"end":{"line":11,"column":null}},"11":{"start":{"line":12,"column":2},"end":{"line":12,"column":null}}},"fnMap":{"0":{"name":"(anonymous_0)","decl":{"start":{"line":1,"column":0},"end":{"line":1,"column":12}},"loc":{"start":{"line":1,"column":17},"end":{"line":13,"column":1}}}},"branchMap":{"0":{"loc":{"start":{"line":1,"column":12},"end":{"line":1,"column":null}},"type":"binary-expr","locations":[{"start":{"line":1,"column":12},"end":{"line":1,"column":17}},{"start":{"line":1,"column":17},"end":{"line":1,"column":null}}]}},"s":{"0":1,"1":1,"2":1,"3":1,"4":1,"5":1,"6":1,"7":1,"8":1,"9":1,"10":1,"11":1},"f":{"0":1},"b":{"0":[1,1]}}
}
