{"C:\\Users\\alynr\\Documents\\Proyectos\\NTTDATA\\ProyectoFinal\\BOOTCAMP-0825-FRONTEND-REACT-NTT-ALYNE_REGALADO\\src\\components\\CategorySidebar\\CategorySidebar.styled.ts": {"path":"C:\\Users\\alynr\\Documents\\Proyectos\\NTTDATA\\ProyectoFinal\\BOOTCAMP-0825-FRONTEND-REACT-NTT-ALYNE_REGALADO\\src\\components\\CategorySidebar\\CategorySidebar.styled.ts","statementMap":{"0":{"start":{"line":1,"column":0},"end":{"line":1,"column":39}},"1":{"start":{"line":2,"column":0},"end":{"line":2,"column":42}},"2":{"start":{"line":4,"column":13},"end":{"line":14,"column":2}},"3":{"start":{"line":16,"column":13},"end":{"line":28,"column":2}},"4":{"start":{"line":21,"column":33},"end":{"line":21,"column":59}},"5":{"start":{"line":30,"column":13},"end":{"line":51,"column":2}},"6":{"start":{"line":37,"column":28},"end":{"line":37,"column":67}},"7":{"start":{"line":38,"column":34},"end":{"line":38,"column":56}},"8":{"start":{"line":53,"column":13},"end":{"line":55,"column":2}},"9":{"start":{"line":57,"column":13},"end":{"line":73,"column":2}}},"fnMap":{"0":{"name":"(anonymous_1)","decl":{"start":{"line":21,"column":15},"end":{"line":21,"column":16}},"loc":{"start":{"line":21,"column":33},"end":{"line":21,"column":59}}},"1":{"name":"(anonymous_2)","decl":{"start":{"line":37,"column":11},"end":{"line":37,"column":12}},"loc":{"start":{"line":37,"column":28},"end":{"line":37,"column":67}}},"2":{"name":"(anonymous_3)","decl":{"start":{"line":38,"column":17},"end":{"line":38,"column":18}},"loc":{"start":{"line":38,"column":34},"end":{"line":38,"column":56}}}},"branchMap":{"0":{"loc":{"start":{"line":21,"column":33},"end":{"line":21,"column":59}},"type":"cond-expr","locations":[{"start":{"line":21,"column":43},"end":{"line":21,"column":50}},{"start":{"line":21,"column":53},"end":{"line":21,"column":59}}]},"1":{"loc":{"start":{"line":37,"column":28},"end":{"line":37,"column":67}},"type":"cond-expr","locations":[{"start":{"line":37,"column":37},"end":{"line":37,"column":50}},{"start":{"line":37,"column":53},"end":{"line":37,"column":67}}]},"2":{"loc":{"start":{"line":38,"column":34},"end":{"line":38,"column":56}},"type":"cond-expr","locations":[{"start":{"line":38,"column":43},"end":{"line":38,"column":48}},{"start":{"line":38,"column":51},"end":{"line":38,"column":56}}]}},"s":{"0":1,"1":1,"2":1,"3":1,"4":18,"5":1,"6":282,"7":282,"8":1,"9":1},"f":{"0":18,"1":282,"2":282},"b":{"0":[0,18],"1":[18,264],"2":[18,264]}}
,"C:\\Users\\alynr\\Documents\\Proyectos\\NTTDATA\\ProyectoFinal\\BOOTCAMP-0825-FRONTEND-REACT-NTT-ALYNE_REGALADO\\src\\components\\CategorySidebar\\CategorySidebar.tsx": {"path":"C:\\Users\\alynr\\Documents\\Proyectos\\NTTDATA\\ProyectoFinal\\BOOTCAMP-0825-FRONTEND-REACT-NTT-ALYNE_REGALADO\\src\\components\\CategorySidebar\\CategorySidebar.tsx","statementMap":{"0":{"start":{"line":1,"column":0},"end":{"line":1,"column":33}},"1":{"start":{"line":3,"column":0},"end":{"line":3,"column":84}},"2":{"start":{"line":10,"column":24},"end":{"line":46,"column":1}},"3":{"start":{"line":11,"column":26},"end":{"line":11,"column":41}},"4":{"start":{"line":13,"column":2},"end":{"line":45,"column":4}},"5":{"start":{"line":15,"column":35},"end":{"line":15,"column":49}},"6":{"start":{"line":23,"column":12},"end":{"line":23,"column":28}},"7":{"start":{"line":24,"column":12},"end":{"line":24,"column":27}},"8":{"start":{"line":31,"column":10},"end":{"line":32,"column":null}},"9":{"start":{"line":35,"column":14},"end":{"line":35,"column":null}},"10":{"start":{"line":36,"column":14},"end":{"line":36,"column":29}},"11":{"start":{"line":48,"column":0},"end":{"line":48,"column":31}}},"fnMap":{"0":{"name":"(anonymous_0)","decl":{"start":{"line":10,"column":24},"end":{"line":10,"column":25}},"loc":{"start":{"line":10,"column":72},"end":{"line":46,"column":1}}},"1":{"name":"(anonymous_1)","decl":{"start":{"line":15,"column":29},"end":{"line":15,"column":32}},"loc":{"start":{"line":15,"column":35},"end":{"line":15,"column":49}}},"2":{"name":"(anonymous_2)","decl":{"start":{"line":22,"column":19},"end":{"line":22,"column":22}},"loc":{"start":{"line":22,"column":24},"end":{"line":25,"column":11}}},"3":{"name":"(anonymous_3)","decl":{"start":{"line":30,"column":24},"end":{"line":30,"column":25}},"loc":{"start":{"line":31,"column":10},"end":{"line":32,"column":null}}},"4":{"name":"(anonymous_4)","decl":{"start":{"line":34,"column":21},"end":{"line":34,"column":24}},"loc":{"start":{"line":34,"column":26},"end":{"line":37,"column":13}}}},"branchMap":{"0":{"loc":{"start":{"line":17,"column":15},"end":{"line":17,"column":31}},"type":"cond-expr","locations":[{"start":{"line":17,"column":22},"end":{"line":17,"column":25}},{"start":{"line":17,"column":28},"end":{"line":17,"column":31}}]}},"s":{"0":1,"1":1,"2":1,"3":18,"4":18,"5":0,"6":0,"7":0,"8":264,"9":2,"10":2,"11":1},"f":{"0":18,"1":0,"2":0,"3":264,"4":2},"b":{"0":[0,18]}}
,"C:\\Users\\alynr\\Documents\\Proyectos\\NTTDATA\\ProyectoFinal\\BOOTCAMP-0825-FRONTEND-REACT-NTT-ALYNE_REGALADO\\src\\components\\Footer\\footer.style.ts": {"path":"C:\\Users\\alynr\\Documents\\Proyectos\\NTTDATA\\ProyectoFinal\\BOOTCAMP-0825-FRONTEND-REACT-NTT-ALYNE_REGALADO\\src\\components\\Footer\\footer.style.ts","statementMap":{"0":{"start":{"line":1,"column":0},"end":{"line":1,"column":39}},"1":{"start":{"line":2,"column":0},"end":{"line":2,"column":42}},"2":{"start":{"line":4,"column":13},"end":{"line":10,"column":2}},"3":{"start":{"line":12,"column":13},"end":{"line":31,"column":2}}},"fnMap":{},"branchMap":{},"s":{"0":1,"1":1,"2":1,"3":1},"f":{},"b":{}}
,"C:\\Users\\alynr\\Documents\\Proyectos\\NTTDATA\\ProyectoFinal\\BOOTCAMP-0825-FRONTEND-REACT-NTT-ALYNE_REGALADO\\src\\components\\Footer\\footer.tsx": {"path":"C:\\Users\\alynr\\Documents\\Proyectos\\NTTDATA\\ProyectoFinal\\BOOTCAMP-0825-FRONTEND-REACT-NTT-ALYNE_REGALADO\\src\\components\\Footer\\footer.tsx","statementMap":{"0":{"start":{"line":1,"column":0},"end":{"line":1,"column":44}},"1":{"start":{"line":2,"column":0},"end":{"line":2,"column":42}},"2":{"start":{"line":3,"column":0},"end":{"line":3,"column":62}},"3":{"start":{"line":5,"column":15},"end":{"line":37,"column":1}},"4":{"start":{"line":6,"column":4},"end":{"line":36,"column":6}},"5":{"start":{"line":39,"column":0},"end":{"line":39,"column":22}}},"fnMap":{"0":{"name":"(anonymous_0)","decl":{"start":{"line":5,"column":15},"end":{"line":5,"column":18}},"loc":{"start":{"line":5,"column":20},"end":{"line":37,"column":1}}}},"branchMap":{},"s":{"0":1,"1":1,"2":1,"3":1,"4":18,"5":1},"f":{"0":18},"b":{}}
,"C:\\Users\\alynr\\Documents\\Proyectos\\NTTDATA\\ProyectoFinal\\BOOTCAMP-0825-FRONTEND-REACT-NTT-ALYNE_REGALADO\\src\\components\\Modal\\Modal.styled.ts": {"path":"C:\\Users\\alynr\\Documents\\Proyectos\\NTTDATA\\ProyectoFinal\\BOOTCAMP-0825-FRONTEND-REACT-NTT-ALYNE_REGALADO\\src\\components\\Modal\\Modal.styled.ts","statementMap":{"0":{"start":{"line":1,"column":0},"end":{"line":1,"column":39}},"1":{"start":{"line":2,"column":0},"end":{"line":2,"column":42}},"2":{"start":{"line":4,"column":13},"end":{"line":15,"column":2}},"3":{"start":{"line":17,"column":13},"end":{"line":28,"column":2}},"4":{"start":{"line":30,"column":13},"end":{"line":43,"column":2}}},"fnMap":{},"branchMap":{},"s":{"0":3,"1":3,"2":3,"3":3,"4":3},"f":{},"b":{}}
,"C:\\Users\\alynr\\Documents\\Proyectos\\NTTDATA\\ProyectoFinal\\BOOTCAMP-0825-FRONTEND-REACT-NTT-ALYNE_REGALADO\\src\\components\\Modal\\Modal.tsx": {"path":"C:\\Users\\alynr\\Documents\\Proyectos\\NTTDATA\\ProyectoFinal\\BOOTCAMP-0825-FRONTEND-REACT-NTT-ALYNE_REGALADO\\src\\components\\Modal\\Modal.tsx","statementMap":{"0":{"start":{"line":2,"column":0},"end":{"line":2,"column":73}},"1":{"start":{"line":11,"column":30},"end":{"line":27,"column":1}},"2":{"start":{"line":12,"column":2},"end":{"line":12,"column":27}},"3":{"start":{"line":12,"column":15},"end":{"line":12,"column":27}},"4":{"start":{"line":14,"column":2},"end":{"line":26,"column":4}},"5":{"start":{"line":29,"column":0},"end":{"line":29,"column":21}}},"fnMap":{"0":{"name":"(anonymous_0)","decl":{"start":{"line":11,"column":30},"end":{"line":11,"column":31}},"loc":{"start":{"line":11,"column":73},"end":{"line":27,"column":1}}}},"branchMap":{"0":{"loc":{"start":{"line":12,"column":2},"end":{"line":12,"column":27}},"type":"if","locations":[{"start":{"line":12,"column":2},"end":{"line":12,"column":27}},{"start":{},"end":{}}]},"1":{"loc":{"start":{"line":22,"column":9},"end":{"line":22,"column":36}},"type":"binary-expr","locations":[{"start":{"line":22,"column":9},"end":{"line":22,"column":16}},{"start":{"line":22,"column":20},"end":{"line":22,"column":36}}]},"2":{"loc":{"start":{"line":22,"column":39},"end":{"line":22,"column":72}},"type":"binary-expr","locations":[{"start":{"line":22,"column":39},"end":{"line":22,"column":47}},{"start":{"line":22,"column":51},"end":{"line":22,"column":72}}]}},"s":{"0":3,"1":3,"2":183,"3":159,"4":24,"5":3},"f":{"0":183},"b":{"0":[159,24],"1":[24,9],"2":[24,15]}}
,"C:\\Users\\alynr\\Documents\\Proyectos\\NTTDATA\\ProyectoFinal\\BOOTCAMP-0825-FRONTEND-REACT-NTT-ALYNE_REGALADO\\src\\components\\NavBar\\Navbar.styled.ts": {"path":"C:\\Users\\alynr\\Documents\\Proyectos\\NTTDATA\\ProyectoFinal\\BOOTCAMP-0825-FRONTEND-REACT-NTT-ALYNE_REGALADO\\src\\components\\NavBar\\Navbar.styled.ts","statementMap":{"0":{"start":{"line":1,"column":0},"end":{"line":1,"column":59}},"1":{"start":{"line":2,"column":0},"end":{"line":2,"column":42}},"2":{"start":{"line":4,"column":16},"end":{"line":7,"column":2}},"3":{"start":{"line":9,"column":13},"end":{"line":12,"column":2}},"4":{"start":{"line":14,"column":13},"end":{"line":22,"column":2}},"5":{"start":{"line":24,"column":13},"end":{"line":34,"column":2}},"6":{"start":{"line":36,"column":13},"end":{"line":45,"column":2}},"7":{"start":{"line":46,"column":13},"end":{"line":53,"column":2}},"8":{"start":{"line":55,"column":13},"end":{"line":58,"column":2}},"9":{"start":{"line":60,"column":13},"end":{"line":89,"column":2}},"10":{"start":{"line":87,"column":31},"end":{"line":87,"column":54}},"11":{"start":{"line":91,"column":13},"end":{"line":96,"column":2}},"12":{"start":{"line":98,"column":13},"end":{"line":102,"column":2}},"13":{"start":{"line":104,"column":13},"end":{"line":120,"column":2}}},"fnMap":{"0":{"name":"(anonymous_9)","decl":{"start":{"line":87,"column":15},"end":{"line":87,"column":16}},"loc":{"start":{"line":87,"column":31},"end":{"line":87,"column":54}}}},"branchMap":{"0":{"loc":{"start":{"line":87,"column":31},"end":{"line":87,"column":54}},"type":"cond-expr","locations":[{"start":{"line":87,"column":39},"end":{"line":87,"column":45}},{"start":{"line":87,"column":48},"end":{"line":87,"column":54}}]}},"s":{"0":2,"1":2,"2":2,"3":2,"4":2,"5":2,"6":2,"7":2,"8":2,"9":2,"10":24,"11":2,"12":2,"13":2},"f":{"0":24},"b":{"0":[0,24]}}
,"C:\\Users\\alynr\\Documents\\Proyectos\\NTTDATA\\ProyectoFinal\\BOOTCAMP-0825-FRONTEND-REACT-NTT-ALYNE_REGALADO\\src\\components\\NavBar\\Navbar.tsx": {"path":"C:\\Users\\alynr\\Documents\\Proyectos\\NTTDATA\\ProyectoFinal\\BOOTCAMP-0825-FRONTEND-REACT-NTT-ALYNE_REGALADO\\src\\components\\NavBar\\Navbar.tsx","statementMap":{"0":{"start":{"line":1,"column":0},"end":{"line":1,"column":53}},"1":{"start":{"line":2,"column":0},"end":{"line":2,"column":53}},"2":{"start":{"line":3,"column":0},"end":{"line":3,"column":52}},"3":{"start":{"line":4,"column":0},"end":{"line":4,"column":null}},"4":{"start":{"line":15,"column":0},"end":{"line":15,"column":33}},"5":{"start":{"line":17,"column":0},"end":{"line":17,"column":44}},"6":{"start":{"line":18,"column":0},"end":{"line":18,"column":48}},"7":{"start":{"line":21,"column":15},"end":{"line":88,"column":1}},"8":{"start":{"line":22,"column":15},"end":{"line":22,"column":24}},"9":{"start":{"line":23,"column":19},"end":{"line":23,"column":32}},"10":{"start":{"line":24,"column":30},"end":{"line":24,"column":39}},"11":{"start":{"line":25,"column":26},"end":{"line":25,"column":41}},"12":{"start":{"line":28,"column":24},"end":{"line":34,"column":3}},"13":{"start":{"line":29,"column":4},"end":{"line":29,"column":23}},"14":{"start":{"line":30,"column":4},"end":{"line":30,"column":19}},"15":{"start":{"line":31,"column":4},"end":{"line":31,"column":41}},"16":{"start":{"line":32,"column":4},"end":{"line":32,"column":36}},"17":{"start":{"line":33,"column":4},"end":{"line":33,"column":28}},"18":{"start":{"line":37,"column":21},"end":{"line":37,"column":78}},"19":{"start":{"line":37,"column":55},"end":{"line":37,"column":74}},"20":{"start":{"line":39,"column":2},"end":{"line":87,"column":4}},"21":{"start":{"line":49,"column":31},"end":{"line":49,"column":45}},"22":{"start":{"line":57,"column":52},"end":{"line":57,"column":66}},"23":{"start":{"line":61,"column":55},"end":{"line":61,"column":69}},"24":{"start":{"line":67,"column":55},"end":{"line":67,"column":69}},"25":{"start":{"line":72,"column":19},"end":{"line":72,"column":77}},"26":{"start":{"line":90,"column":0},"end":{"line":90,"column":22}}},"fnMap":{"0":{"name":"(anonymous_0)","decl":{"start":{"line":21,"column":15},"end":{"line":21,"column":18}},"loc":{"start":{"line":21,"column":20},"end":{"line":88,"column":1}}},"1":{"name":"(anonymous_1)","decl":{"start":{"line":28,"column":24},"end":{"line":28,"column":25}},"loc":{"start":{"line":28,"column":79},"end":{"line":34,"column":3}}},"2":{"name":"(anonymous_2)","decl":{"start":{"line":37,"column":40},"end":{"line":37,"column":41}},"loc":{"start":{"line":37,"column":55},"end":{"line":37,"column":74}}},"3":{"name":"(anonymous_3)","decl":{"start":{"line":49,"column":25},"end":{"line":49,"column":28}},"loc":{"start":{"line":49,"column":31},"end":{"line":49,"column":45}}},"4":{"name":"(anonymous_4)","decl":{"start":{"line":57,"column":46},"end":{"line":57,"column":49}},"loc":{"start":{"line":57,"column":52},"end":{"line":57,"column":66}}},"5":{"name":"(anonymous_5)","decl":{"start":{"line":61,"column":49},"end":{"line":61,"column":52}},"loc":{"start":{"line":61,"column":55},"end":{"line":61,"column":69}}},"6":{"name":"(anonymous_6)","decl":{"start":{"line":67,"column":49},"end":{"line":67,"column":52}},"loc":{"start":{"line":67,"column":55},"end":{"line":67,"column":69}}},"7":{"name":"(anonymous_7)","decl":{"start":{"line":71,"column":25},"end":{"line":71,"column":26}},"loc":{"start":{"line":71,"column":31},"end":{"line":73,"column":17}}}},"branchMap":{"0":{"loc":{"start":{"line":69,"column":21},"end":{"line":69,"column":67}},"type":"binary-expr","locations":[{"start":{"line":69,"column":21},"end":{"line":69,"column":42}},{"start":{"line":69,"column":46},"end":{"line":69,"column":67}}]},"1":{"loc":{"start":{"line":69,"column":21},"end":{"line":69,"column":42}},"type":"cond-expr","locations":[{"start":{"line":69,"column":35},"end":{"line":69,"column":37}},{"start":{"line":69,"column":35},"end":{"line":69,"column":42}}]},"2":{"loc":{"start":{"line":69,"column":21},"end":{"line":69,"column":37}},"type":"binary-expr","locations":[{"start":{"line":69,"column":21},"end":{"line":69,"column":37}},{"start":{"line":69,"column":35},"end":{"line":69,"column":37}}]},"3":{"loc":{"start":{"line":70,"column":21},"end":{"line":70,"column":58}},"type":"cond-expr","locations":[{"start":{"line":70,"column":46},"end":{"line":70,"column":50}},{"start":{"line":70,"column":50},"end":{"line":70,"column":58}}]},"4":{"loc":{"start":{"line":70,"column":21},"end":{"line":70,"column":50}},"type":"binary-expr","locations":[{"start":{"line":70,"column":21},"end":{"line":70,"column":50}},{"start":{"line":70,"column":46},"end":{"line":70,"column":50}}]},"5":{"loc":{"start":{"line":70,"column":21},"end":{"line":70,"column":46}},"type":"cond-expr","locations":[{"start":{"line":70,"column":35},"end":{"line":70,"column":37}},{"start":{"line":70,"column":35},"end":{"line":70,"column":46}}]},"6":{"loc":{"start":{"line":70,"column":21},"end":{"line":70,"column":37}},"type":"binary-expr","locations":[{"start":{"line":70,"column":21},"end":{"line":70,"column":37}},{"start":{"line":70,"column":35},"end":{"line":70,"column":37}}]},"7":{"loc":{"start":{"line":75,"column":21},"end":{"line":75,"column":52}},"type":"cond-expr","locations":[{"start":{"line":75,"column":46},"end":{"line":75,"column":50}},{"start":{"line":75,"column":50},"end":{"line":75,"column":52}}]},"8":{"loc":{"start":{"line":75,"column":21},"end":{"line":75,"column":50}},"type":"binary-expr","locations":[{"start":{"line":75,"column":21},"end":{"line":75,"column":50}},{"start":{"line":75,"column":46},"end":{"line":75,"column":50}}]},"9":{"loc":{"start":{"line":75,"column":21},"end":{"line":75,"column":46}},"type":"cond-expr","locations":[{"start":{"line":75,"column":35},"end":{"line":75,"column":37}},{"start":{"line":75,"column":35},"end":{"line":75,"column":46}}]},"10":{"loc":{"start":{"line":75,"column":21},"end":{"line":75,"column":37}},"type":"binary-expr","locations":[{"start":{"line":75,"column":21},"end":{"line":75,"column":37}},{"start":{"line":75,"column":35},"end":{"line":75,"column":37}}]}},"s":{"0":2,"1":2,"2":2,"3":2,"4":2,"5":2,"6":2,"7":2,"8":24,"9":24,"10":24,"11":24,"12":24,"13":1,"14":1,"15":1,"16":1,"17":1,"18":24,"19":6,"20":24,"21":0,"22":1,"23":1,"24":1,"25":1,"26":2},"f":{"0":24,"1":1,"2":6,"3":0,"4":1,"5":1,"6":1,"7":1},"b":{"0":[24,18],"1":[0,24],"2":[24,24],"3":[6,18],"4":[24,24],"5":[0,24],"6":[24,24],"7":[6,18],"8":[24,24],"9":[0,24],"10":[24,24]}}
,"C:\\Users\\alynr\\Documents\\Proyectos\\NTTDATA\\ProyectoFinal\\BOOTCAMP-0825-FRONTEND-REACT-NTT-ALYNE_REGALADO\\src\\components\\Pagination\\Pagination.styled.ts": {"path":"C:\\Users\\alynr\\Documents\\Proyectos\\NTTDATA\\ProyectoFinal\\BOOTCAMP-0825-FRONTEND-REACT-NTT-ALYNE_REGALADO\\src\\components\\Pagination\\Pagination.styled.ts","statementMap":{"0":{"start":{"line":1,"column":0},"end":{"line":1,"column":39}},"1":{"start":{"line":2,"column":0},"end":{"line":2,"column":42}},"2":{"start":{"line":4,"column":13},"end":{"line":24,"column":2}},"3":{"start":{"line":26,"column":13},"end":{"line":52,"column":2}},"4":{"start":{"line":32,"column":34},"end":{"line":32,"column":75}},"5":{"start":{"line":33,"column":29},"end":{"line":33,"column":67}},"6":{"start":{"line":36,"column":36},"end":{"line":36,"column":77}}},"fnMap":{"0":{"name":"(anonymous_1)","decl":{"start":{"line":32,"column":16},"end":{"line":32,"column":17}},"loc":{"start":{"line":32,"column":34},"end":{"line":32,"column":75}}},"1":{"name":"(anonymous_2)","decl":{"start":{"line":33,"column":11},"end":{"line":33,"column":12}},"loc":{"start":{"line":33,"column":29},"end":{"line":33,"column":67}}},"2":{"name":"(anonymous_3)","decl":{"start":{"line":36,"column":18},"end":{"line":36,"column":19}},"loc":{"start":{"line":36,"column":36},"end":{"line":36,"column":77}}}},"branchMap":{"0":{"loc":{"start":{"line":32,"column":34},"end":{"line":32,"column":75}},"type":"cond-expr","locations":[{"start":{"line":32,"column":44},"end":{"line":32,"column":57}},{"start":{"line":32,"column":61},"end":{"line":32,"column":75}}]},"1":{"loc":{"start":{"line":33,"column":29},"end":{"line":33,"column":67}},"type":"cond-expr","locations":[{"start":{"line":33,"column":39},"end":{"line":33,"column":50}},{"start":{"line":33,"column":53},"end":{"line":33,"column":67}}]},"2":{"loc":{"start":{"line":36,"column":36},"end":{"line":36,"column":77}},"type":"cond-expr","locations":[{"start":{"line":36,"column":46},"end":{"line":36,"column":59}},{"start":{"line":36,"column":63},"end":{"line":36,"column":77}}]}},"s":{"0":1,"1":1,"2":1,"3":1,"4":46,"5":46,"6":46},"f":{"0":46,"1":46,"2":46},"b":{"0":[10,36],"1":[10,36],"2":[10,36]}}
,"C:\\Users\\alynr\\Documents\\Proyectos\\NTTDATA\\ProyectoFinal\\BOOTCAMP-0825-FRONTEND-REACT-NTT-ALYNE_REGALADO\\src\\components\\Pagination\\Pagination.tsx": {"path":"C:\\Users\\alynr\\Documents\\Proyectos\\NTTDATA\\ProyectoFinal\\BOOTCAMP-0825-FRONTEND-REACT-NTT-ALYNE_REGALADO\\src\\components\\Pagination\\Pagination.tsx","statementMap":{"0":{"start":{"line":1,"column":0},"end":{"line":1,"column":70}},"1":{"start":{"line":11,"column":19},"end":{"line":39,"column":1}},"2":{"start":{"line":12,"column":21},"end":{"line":12,"column":22}},"3":{"start":{"line":13,"column":16},"end":{"line":13,"column":76}},"4":{"start":{"line":13,"column":61},"end":{"line":13,"column":75}},"5":{"start":{"line":14,"column":2},"end":{"line":38,"column":4}},"6":{"start":{"line":23,"column":8},"end":{"line":24,"column":null}},"7":{"start":{"line":25,"column":25},"end":{"line":25,"column":42}},"8":{"start":{"line":41,"column":0},"end":{"line":41,"column":26}}},"fnMap":{"0":{"name":"(anonymous_0)","decl":{"start":{"line":11,"column":19},"end":{"line":11,"column":20}},"loc":{"start":{"line":11,"column":81},"end":{"line":39,"column":1}}},"1":{"name":"(anonymous_1)","decl":{"start":{"line":13,"column":51},"end":{"line":13,"column":52}},"loc":{"start":{"line":13,"column":61},"end":{"line":13,"column":75}}},"2":{"name":"(anonymous_2)","decl":{"start":{"line":22,"column":17},"end":{"line":22,"column":18}},"loc":{"start":{"line":23,"column":8},"end":{"line":24,"column":null}}},"3":{"name":"(anonymous_3)","decl":{"start":{"line":25,"column":19},"end":{"line":25,"column":22}},"loc":{"start":{"line":25,"column":25},"end":{"line":25,"column":42}}}},"branchMap":{},"s":{"0":1,"1":1,"2":18,"3":18,"4":10,"5":18,"6":10,"7":0,"8":1},"f":{"0":18,"1":10,"2":10,"3":0},"b":{}}
,"C:\\Users\\alynr\\Documents\\Proyectos\\NTTDATA\\ProyectoFinal\\BOOTCAMP-0825-FRONTEND-REACT-NTT-ALYNE_REGALADO\\src\\components\\ProductCard\\ProductCard.styled.ts": {"path":"C:\\Users\\alynr\\Documents\\Proyectos\\NTTDATA\\ProyectoFinal\\BOOTCAMP-0825-FRONTEND-REACT-NTT-ALYNE_REGALADO\\src\\components\\ProductCard\\ProductCard.styled.ts","statementMap":{"0":{"start":{"line":1,"column":0},"end":{"line":1,"column":39}},"1":{"start":{"line":2,"column":0},"end":{"line":2,"column":42}},"2":{"start":{"line":4,"column":13},"end":{"line":18,"column":2}},"3":{"start":{"line":20,"column":13},"end":{"line":29,"column":2}},"4":{"start":{"line":31,"column":13},"end":{"line":36,"column":2}},"5":{"start":{"line":40,"column":13},"end":{"line":52,"column":2}}},"fnMap":{},"branchMap":{},"s":{"0":2,"1":2,"2":2,"3":2,"4":2,"5":2},"f":{},"b":{}}
,"C:\\Users\\alynr\\Documents\\Proyectos\\NTTDATA\\ProyectoFinal\\BOOTCAMP-0825-FRONTEND-REACT-NTT-ALYNE_REGALADO\\src\\components\\ProductCard\\ProductCard.tsx": {"path":"C:\\Users\\alynr\\Documents\\Proyectos\\NTTDATA\\ProyectoFinal\\BOOTCAMP-0825-FRONTEND-REACT-NTT-ALYNE_REGALADO\\src\\components\\ProductCard\\ProductCard.tsx","statementMap":{"0":{"start":{"line":1,"column":0},"end":{"line":1,"column":33}},"1":{"start":{"line":2,"column":0},"end":{"line":2,"column":52}},"2":{"start":{"line":3,"column":0},"end":{"line":3,"column":69}},"3":{"start":{"line":5,"column":0},"end":{"line":5,"column":66}},"4":{"start":{"line":6,"column":0},"end":{"line":6,"column":35}},"5":{"start":{"line":7,"column":0},"end":{"line":7,"column":35}},"6":{"start":{"line":14,"column":20},"end":{"line":67,"column":1}},"7":{"start":{"line":15,"column":30},"end":{"line":15,"column":39}},"8":{"start":{"line":16,"column":28},"end":{"line":16,"column":97}},"9":{"start":{"line":18,"column":23},"end":{"line":18,"column":24}},"10":{"start":{"line":19,"column":31},"end":{"line":19,"column":35}},"11":{"start":{"line":20,"column":33},"end":{"line":20,"column":37}},"12":{"start":{"line":22,"column":26},"end":{"line":33,"column":3}},"13":{"start":{"line":23,"column":21},"end":{"line":23,"column":73}},"14":{"start":{"line":23,"column":45},"end":{"line":23,"column":72}},"15":{"start":{"line":24,"column":4},"end":{"line":28,"column":5}},"16":{"start":{"line":25,"column":6},"end":{"line":25,"column":67}},"17":{"start":{"line":26,"column":6},"end":{"line":26,"column":61}},"18":{"start":{"line":26,"column":23},"end":{"line":26,"column":37}},"19":{"start":{"line":27,"column":6},"end":{"line":27,"column":13}},"20":{"start":{"line":30,"column":4},"end":{"line":30,"column":61}},"21":{"start":{"line":31,"column":4},"end":{"line":31,"column":67}},"22":{"start":{"line":32,"column":4},"end":{"line":32,"column":61}},"23":{"start":{"line":32,"column":21},"end":{"line":32,"column":35}},"24":{"start":{"line":37,"column":2},"end":{"line":66,"column":4}},"25":{"start":{"line":69,"column":0},"end":{"line":69,"column":27}}},"fnMap":{"0":{"name":"(anonymous_1)","decl":{"start":{"line":14,"column":20},"end":{"line":14,"column":21}},"loc":{"start":{"line":14,"column":43},"end":{"line":67,"column":1}}},"1":{"name":"(anonymous_2)","decl":{"start":{"line":22,"column":26},"end":{"line":22,"column":29}},"loc":{"start":{"line":22,"column":31},"end":{"line":33,"column":3}}},"2":{"name":"(anonymous_3)","decl":{"start":{"line":23,"column":38},"end":{"line":23,"column":39}},"loc":{"start":{"line":23,"column":45},"end":{"line":23,"column":72}}},"3":{"name":"(anonymous_4)","decl":{"start":{"line":26,"column":17},"end":{"line":26,"column":20}},"loc":{"start":{"line":26,"column":23},"end":{"line":26,"column":37}}},"4":{"name":"(anonymous_5)","decl":{"start":{"line":32,"column":15},"end":{"line":32,"column":18}},"loc":{"start":{"line":32,"column":21},"end":{"line":32,"column":35}}}},"branchMap":{"0":{"loc":{"start":{"line":24,"column":4},"end":{"line":28,"column":5}},"type":"if","locations":[{"start":{"line":24,"column":4},"end":{"line":28,"column":5}},{"start":{},"end":{}}]},"1":{"loc":{"start":{"line":24,"column":8},"end":{"line":24,"column":54}},"type":"binary-expr","locations":[{"start":{"line":24,"column":8},"end":{"line":24,"column":16}},{"start":{"line":24,"column":20},"end":{"line":24,"column":54}}]},"2":{"loc":{"start":{"line":40,"column":9},"end":{"line":41,"column":null}},"type":"binary-expr","locations":[{"start":{"line":40,"column":9},"end":{"line":40,"column":50}},{"start":{"line":41,"column":10},"end":{"line":41,"column":73}}]},"3":{"loc":{"start":{"line":57,"column":11},"end":{"line":57,"column":71}},"type":"binary-expr","locations":[{"start":{"line":57,"column":11},"end":{"line":57,"column":16}},{"start":{"line":57,"column":20},"end":{"line":57,"column":71}}]}},"s":{"0":2,"1":2,"2":2,"3":2,"4":2,"5":2,"6":2,"7":49,"8":49,"9":49,"10":49,"11":49,"12":49,"13":3,"14":2,"15":3,"16":2,"17":2,"18":0,"19":2,"20":1,"21":1,"22":1,"23":0,"24":49,"25":2},"f":{"0":49,"1":3,"2":2,"3":0,"4":0},"b":{"0":[2,1],"1":[3,2],"2":[49,48],"3":[49,3]}}
,"C:\\Users\\alynr\\Documents\\Proyectos\\NTTDATA\\ProyectoFinal\\BOOTCAMP-0825-FRONTEND-REACT-NTT-ALYNE_REGALADO\\src\\components\\Stars\\stars.styled.ts": {"path":"C:\\Users\\alynr\\Documents\\Proyectos\\NTTDATA\\ProyectoFinal\\BOOTCAMP-0825-FRONTEND-REACT-NTT-ALYNE_REGALADO\\src\\components\\Stars\\stars.styled.ts","statementMap":{"0":{"start":{"line":1,"column":0},"end":{"line":1,"column":39}},"1":{"start":{"line":2,"column":0},"end":{"line":2,"column":42}},"2":{"start":{"line":4,"column":13},"end":{"line":8,"column":2}}},"fnMap":{},"branchMap":{},"s":{"0":3,"1":3,"2":3},"f":{},"b":{}}
,"C:\\Users\\alynr\\Documents\\Proyectos\\NTTDATA\\ProyectoFinal\\BOOTCAMP-0825-FRONTEND-REACT-NTT-ALYNE_REGALADO\\src\\components\\Stars\\stars.tsx": {"path":"C:\\Users\\alynr\\Documents\\Proyectos\\NTTDATA\\ProyectoFinal\\BOOTCAMP-0825-FRONTEND-REACT-NTT-ALYNE_REGALADO\\src\\components\\Stars\\stars.tsx","statementMap":{"0":{"start":{"line":1,"column":0},"end":{"line":1,"column":46}},"1":{"start":{"line":7,"column":14},"end":{"line":29,"column":1}},"2":{"start":{"line":9,"column":20},"end":{"line":9,"column":21}},"3":{"start":{"line":10,"column":23},"end":{"line":10,"column":24}},"4":{"start":{"line":11,"column":23},"end":{"line":11,"column":24}},"5":{"start":{"line":12,"column":26},"end":{"line":12,"column":27}},"6":{"start":{"line":13,"column":30},"end":{"line":13,"column":33}},"7":{"start":{"line":15,"column":20},"end":{"line":15,"column":23}},"8":{"start":{"line":16,"column":20},"end":{"line":16,"column":23}},"9":{"start":{"line":18,"column":20},"end":{"line":18,"column":38}},"10":{"start":{"line":19,"column":22},"end":{"line":19,"column":67}},"11":{"start":{"line":20,"column":21},"end":{"line":20,"column":91}},"12":{"start":{"line":22,"column":2},"end":{"line":28,"column":4}},"13":{"start":{"line":31,"column":0},"end":{"line":31,"column":null}}},"fnMap":{"0":{"name":"(anonymous_0)","decl":{"start":{"line":7,"column":14},"end":{"line":7,"column":15}},"loc":{"start":{"line":7,"column":41},"end":{"line":29,"column":1}}}},"branchMap":{"0":{"loc":{"start":{"line":20,"column":46},"end":{"line":20,"column":90}},"type":"cond-expr","locations":[{"start":{"line":20,"column":60},"end":{"line":20,"column":75}},{"start":{"line":20,"column":78},"end":{"line":20,"column":90}}]},"1":{"loc":{"start":{"line":25,"column":7},"end":{"line":25,"column":31}},"type":"binary-expr","locations":[{"start":{"line":25,"column":7},"end":{"line":25,"column":18}},{"start":{"line":25,"column":22},"end":{"line":25,"column":31}}]}},"s":{"0":3,"1":3,"2":53,"3":53,"4":53,"5":53,"6":53,"7":53,"8":53,"9":53,"10":53,"11":53,"12":53,"13":3},"f":{"0":53},"b":{"0":[30,23],"1":[53,30]}}
,"C:\\Users\\alynr\\Documents\\Proyectos\\NTTDATA\\ProyectoFinal\\BOOTCAMP-0825-FRONTEND-REACT-NTT-ALYNE_REGALADO\\src\\components\\Toast\\Toast.tsx": {"path":"C:\\Users\\alynr\\Documents\\Proyectos\\NTTDATA\\ProyectoFinal\\BOOTCAMP-0825-FRONTEND-REACT-NTT-ALYNE_REGALADO\\src\\components\\Toast\\Toast.tsx","statementMap":{"0":{"start":{"line":1,"column":0},"end":{"line":1,"column":44}},"1":{"start":{"line":8,"column":14},"end":{"line":10,"column":1}},"2":{"start":{"line":9,"column":2},"end":{"line":9,"column":52}},"3":{"start":{"line":12,"column":0},"end":{"line":12,"column":21}}},"fnMap":{"0":{"name":"(anonymous_0)","decl":{"start":{"line":8,"column":14},"end":{"line":8,"column":15}},"loc":{"start":{"line":8,"column":60},"end":{"line":10,"column":1}}}},"branchMap":{"0":{"loc":{"start":{"line":8,"column":26},"end":{"line":8,"column":42}},"type":"default-arg","locations":[{"start":{"line":8,"column":33},"end":{"line":8,"column":42}}]}},"s":{"0":2,"1":2,"2":3,"3":2},"f":{"0":3},"b":{"0":[0]}}
,"C:\\Users\\alynr\\Documents\\Proyectos\\NTTDATA\\ProyectoFinal\\BOOTCAMP-0825-FRONTEND-REACT-NTT-ALYNE_REGALADO\\src\\components\\Toast\\ToastBox.style.ts": {"path":"C:\\Users\\alynr\\Documents\\Proyectos\\NTTDATA\\ProyectoFinal\\BOOTCAMP-0825-FRONTEND-REACT-NTT-ALYNE_REGALADO\\src\\components\\Toast\\ToastBox.style.ts","statementMap":{"0":{"start":{"line":1,"column":0},"end":{"line":1,"column":54}},"1":{"start":{"line":2,"column":0},"end":{"line":2,"column":42}},"2":{"start":{"line":4,"column":13},"end":{"line":7,"column":2}},"3":{"start":{"line":9,"column":13},"end":{"line":29,"column":2}},"4":{"start":{"line":24,"column":4},"end":{"line":25,"column":34}},"5":{"start":{"line":27,"column":2},"end":{"line":27,"column":52}}},"fnMap":{"0":{"name":"(anonymous_9)","decl":{"start":{"line":23,"column":4},"end":{"line":23,"column":5}},"loc":{"start":{"line":24,"column":4},"end":{"line":25,"column":34}}},"1":{"name":"(anonymous_10)","decl":{"start":{"line":26,"column":4},"end":{"line":26,"column":5}},"loc":{"start":{"line":27,"column":2},"end":{"line":27,"column":52}}}},"branchMap":{"0":{"loc":{"start":{"line":24,"column":4},"end":{"line":25,"column":34}},"type":"binary-expr","locations":[{"start":{"line":24,"column":4},"end":{"line":24,"column":22}},{"start":{"line":25,"column":4},"end":{"line":25,"column":34}}]},"1":{"loc":{"start":{"line":27,"column":2},"end":{"line":27,"column":52}},"type":"binary-expr","locations":[{"start":{"line":27,"column":2},"end":{"line":27,"column":18}},{"start":{"line":27,"column":22},"end":{"line":27,"column":52}}]}},"s":{"0":2,"1":2,"2":2,"3":2,"4":3,"5":3},"f":{"0":3,"1":3},"b":{"0":[3,1],"1":[3,2]}}
,"C:\\Users\\alynr\\Documents\\Proyectos\\NTTDATA\\ProyectoFinal\\BOOTCAMP-0825-FRONTEND-REACT-NTT-ALYNE_REGALADO\\src\\context\\AuthProvider.tsx": {"path":"C:\\Users\\alynr\\Documents\\Proyectos\\NTTDATA\\ProyectoFinal\\BOOTCAMP-0825-FRONTEND-REACT-NTT-ALYNE_REGALADO\\src\\context\\AuthProvider.tsx","statementMap":{"0":{"start":{"line":1,"column":0},"end":{"line":1,"column":104}},"1":{"start":{"line":3,"column":0},"end":{"line":3,"column":54}},"2":{"start":{"line":4,"column":0},"end":{"line":4,"column":65}},"3":{"start":{"line":6,"column":0},"end":{"line":6,"column":53}},"4":{"start":{"line":9,"column":20},"end":{"line":16,"column":2}},"5":{"start":{"line":11,"column":32},"end":{"line":11,"column":34}},"6":{"start":{"line":12,"column":40},"end":{"line":12,"column":44}},"7":{"start":{"line":13,"column":18},"end":{"line":13,"column":41}},"8":{"start":{"line":18,"column":51},"end":{"line":104,"column":1}},"9":{"start":{"line":19,"column":48},"end":{"line":19,"column":63}},"10":{"start":{"line":20,"column":40},"end":{"line":20,"column":60}},"11":{"start":{"line":21,"column":26},"end":{"line":21,"column":42}},"12":{"start":{"line":23,"column":36},"end":{"line":23,"column":50}},"13":{"start":{"line":25,"column":2},"end":{"line":27,"column":9}},"14":{"start":{"line":26,"column":4},"end":{"line":26,"column":16}},"15":{"start":{"line":29,"column":20},"end":{"line":49,"column":4}},"16":{"start":{"line":29,"column":31},"end":{"line":49,"column":4}},"17":{"start":{"line":30,"column":16},"end":{"line":30,"column":61}},"18":{"start":{"line":32,"column":4},"end":{"line":35,"column":5}},"19":{"start":{"line":33,"column":6},"end":{"line":33,"column":26}},"20":{"start":{"line":34,"column":6},"end":{"line":34,"column":13}},"21":{"start":{"line":37,"column":4},"end":{"line":39,"column":5}},"22":{"start":{"line":38,"column":6},"end":{"line":38,"column":57}},"23":{"start":{"line":41,"column":4},"end":{"line":46,"column":5}},"24":{"start":{"line":42,"column":26},"end":{"line":42,"column":50}},"25":{"start":{"line":43,"column":6},"end":{"line":45,"column":7}},"26":{"start":{"line":44,"column":8},"end":{"line":44,"column":68}},"27":{"start":{"line":48,"column":4},"end":{"line":48,"column":24}},"28":{"start":{"line":51,"column":25},"end":{"line":53,"column":3}},"29":{"start":{"line":52,"column":4},"end":{"line":52,"column":23}},"30":{"start":{"line":55,"column":26},"end":{"line":62,"column":3}},"31":{"start":{"line":56,"column":22},"end":{"line":56,"column":58}},"32":{"start":{"line":57,"column":4},"end":{"line":60,"column":5}},"33":{"start":{"line":58,"column":31},"end":{"line":58,"column":52}},"34":{"start":{"line":59,"column":6},"end":{"line":59,"column":26}},"35":{"start":{"line":61,"column":4},"end":{"line":61,"column":16}},"36":{"start":{"line":64,"column":18},"end":{"line":66,"column":3}},"37":{"start":{"line":65,"column":4},"end":{"line":65,"column":16}},"38":{"start":{"line":68,"column":19},"end":{"line":73,"column":4}},"39":{"start":{"line":68,"column":59},"end":{"line":73,"column":4}},"40":{"start":{"line":69,"column":21},"end":{"line":69,"column":60}},"41":{"start":{"line":70,"column":4},"end":{"line":72,"column":5}},"42":{"start":{"line":71,"column":6},"end":{"line":71,"column":76}},"43":{"start":{"line":75,"column":25},"end":{"line":80,"column":3}},"44":{"start":{"line":76,"column":4},"end":{"line":76,"column":32}},"45":{"start":{"line":77,"column":4},"end":{"line":77,"column":75}},"46":{"start":{"line":78,"column":4},"end":{"line":78,"column":29}},"47":{"start":{"line":79,"column":4},"end":{"line":79,"column":22}},"48":{"start":{"line":82,"column":18},"end":{"line":87,"column":3}},"49":{"start":{"line":83,"column":4},"end":{"line":83,"column":23}},"50":{"start":{"line":84,"column":4},"end":{"line":84,"column":23}},"51":{"start":{"line":85,"column":4},"end":{"line":85,"column":30}},"52":{"start":{"line":86,"column":4},"end":{"line":86,"column":44}},"53":{"start":{"line":90,"column":2},"end":{"line":103,"column":4}},"54":{"start":{"line":18,"column":13},"end":{"line":18,"column":51}},"55":{"start":{"line":106,"column":23},"end":{"line":106,"column":52}},"56":{"start":{"line":106,"column":29},"end":{"line":106,"column":52}},"57":{"start":{"line":106,"column":13},"end":{"line":106,"column":23}}},"fnMap":{"0":{"name":"(anonymous_7)","decl":{"start":{"line":11,"column":18},"end":{"line":11,"column":29}},"loc":{"start":{"line":11,"column":32},"end":{"line":11,"column":34}}},"1":{"name":"(anonymous_8)","decl":{"start":{"line":12,"column":19},"end":{"line":12,"column":37}},"loc":{"start":{"line":12,"column":40},"end":{"line":12,"column":44}}},"2":{"name":"(anonymous_9)","decl":{"start":{"line":13,"column":11},"end":{"line":13,"column":14}},"loc":{"start":{"line":13,"column":18},"end":{"line":13,"column":41}}},"3":{"name":"(anonymous_10)","decl":{"start":{"line":14,"column":12},"end":{"line":14,"column":13}},"loc":{"start":{"line":14,"column":31},"end":{"line":14,"column":35}}},"4":{"name":"(anonymous_11)","decl":{"start":{"line":15,"column":11},"end":{"line":15,"column":14}},"loc":{"start":{"line":15,"column":16},"end":{"line":15,"column":20}}},"5":{"name":"(anonymous_12)","decl":{"start":{"line":18,"column":51},"end":{"line":18,"column":52}},"loc":{"start":{"line":18,"column":68},"end":{"line":104,"column":1}}},"6":{"name":"(anonymous_13)","decl":{"start":{"line":25,"column":12},"end":{"line":25,"column":15}},"loc":{"start":{"line":25,"column":17},"end":{"line":27,"column":3}}},"7":{"name":"(anonymous_14)","decl":{"start":{"line":29,"column":20},"end":{"line":29,"column":29}},"loc":{"start":{"line":29,"column":31},"end":{"line":49,"column":4}}},"8":{"name":"(anonymous_15)","decl":{"start":{"line":29,"column":31},"end":{"line":29,"column":null}},"loc":{"start":{"line":29,"column":31},"end":{"line":49,"column":3}}},"9":{"name":"(anonymous_16)","decl":{"start":{"line":51,"column":25},"end":{"line":51,"column":36}},"loc":{"start":{"line":51,"column":38},"end":{"line":53,"column":3}}},"10":{"name":"(anonymous_17)","decl":{"start":{"line":55,"column":26},"end":{"line":55,"column":44}},"loc":{"start":{"line":55,"column":46},"end":{"line":62,"column":3}}},"11":{"name":"(anonymous_18)","decl":{"start":{"line":64,"column":18},"end":{"line":64,"column":21}},"loc":{"start":{"line":64,"column":23},"end":{"line":66,"column":3}}},"12":{"name":"(anonymous_19)","decl":{"start":{"line":68,"column":19},"end":{"line":68,"column":26}},"loc":{"start":{"line":68,"column":59},"end":{"line":73,"column":4}}},"13":{"name":"(anonymous_20)","decl":{"start":{"line":68,"column":59},"end":{"line":68,"column":null}},"loc":{"start":{"line":68,"column":59},"end":{"line":73,"column":3}}},"14":{"name":"(anonymous_21)","decl":{"start":{"line":75,"column":25},"end":{"line":75,"column":26}},"loc":{"start":{"line":75,"column":93},"end":{"line":80,"column":3}}},"15":{"name":"(anonymous_22)","decl":{"start":{"line":82,"column":18},"end":{"line":82,"column":21}},"loc":{"start":{"line":82,"column":23},"end":{"line":87,"column":3}}},"16":{"name":"(anonymous_23)","decl":{"start":{"line":106,"column":23},"end":{"line":106,"column":26}},"loc":{"start":{"line":106,"column":29},"end":{"line":106,"column":52}}}},"branchMap":{"0":{"loc":{"start":{"line":30,"column":16},"end":{"line":30,"column":61}},"type":"cond-expr","locations":[{"start":{"line":30,"column":30},"end":{"line":30,"column":41}},{"start":{"line":30,"column":44},"end":{"line":30,"column":61}}]},"1":{"loc":{"start":{"line":32,"column":4},"end":{"line":35,"column":5}},"type":"if","locations":[{"start":{"line":32,"column":4},"end":{"line":35,"column":5}},{"start":{},"end":{}}]},"2":{"loc":{"start":{"line":37,"column":4},"end":{"line":39,"column":5}},"type":"if","locations":[{"start":{"line":37,"column":4},"end":{"line":39,"column":5}},{"start":{},"end":{}}]},"3":{"loc":{"start":{"line":38,"column":14},"end":{"line":38,"column":56}},"type":"cond-expr","locations":[{"start":{"line":38,"column":50},"end":{"line":38,"column":54}},{"start":{"line":38,"column":54},"end":{"line":38,"column":56}}]},"4":{"loc":{"start":{"line":38,"column":14},"end":{"line":38,"column":54}},"type":"binary-expr","locations":[{"start":{"line":38,"column":14},"end":{"line":38,"column":54}},{"start":{"line":38,"column":50},"end":{"line":38,"column":54}}]},"5":{"loc":{"start":{"line":41,"column":4},"end":{"line":46,"column":5}},"type":"if","locations":[{"start":{"line":41,"column":4},"end":{"line":46,"column":5}},{"start":{},"end":{}}]},"6":{"loc":{"start":{"line":43,"column":6},"end":{"line":45,"column":7}},"type":"if","locations":[{"start":{"line":43,"column":6},"end":{"line":45,"column":7}},{"start":{},"end":{}}]},"7":{"loc":{"start":{"line":44,"column":43},"end":{"line":44,"column":66}},"type":"cond-expr","locations":[{"start":{"line":44,"column":60},"end":{"line":44,"column":64}},{"start":{"line":44,"column":64},"end":{"line":44,"column":66}}]},"8":{"loc":{"start":{"line":44,"column":43},"end":{"line":44,"column":64}},"type":"binary-expr","locations":[{"start":{"line":44,"column":43},"end":{"line":44,"column":64}},{"start":{"line":44,"column":60},"end":{"line":44,"column":64}}]},"9":{"loc":{"start":{"line":57,"column":4},"end":{"line":60,"column":5}},"type":"if","locations":[{"start":{"line":57,"column":4},"end":{"line":60,"column":5}},{"start":{},"end":{}}]},"10":{"loc":{"start":{"line":70,"column":4},"end":{"line":72,"column":5}},"type":"if","locations":[{"start":{"line":70,"column":4},"end":{"line":72,"column":5}},{"start":{},"end":{}}]},"11":{"loc":{"start":{"line":101,"column":7},"end":{"line":101,"column":73}},"type":"cond-expr","locations":[{"start":{"line":101,"column":19},"end":{"line":101,"column":62}},{"start":{"line":101,"column":65},"end":{"line":101,"column":73}}]}},"s":{"0":2,"1":2,"2":2,"3":2,"4":2,"5":0,"6":0,"7":54,"8":2,"9":17,"10":17,"11":17,"12":17,"13":17,"14":7,"15":17,"16":7,"17":7,"18":7,"19":6,"20":6,"21":1,"22":1,"23":1,"24":1,"25":1,"26":1,"27":1,"28":17,"29":0,"30":17,"31":9,"32":9,"33":2,"34":2,"35":7,"36":17,"37":0,"38":17,"39":2,"40":2,"41":2,"42":2,"43":17,"44":3,"45":3,"46":3,"47":3,"48":17,"49":1,"50":1,"51":1,"52":1,"53":17,"54":2,"55":2,"56":26,"57":2},"f":{"0":0,"1":0,"2":54,"3":0,"4":0,"5":17,"6":7,"7":7,"8":7,"9":0,"10":9,"11":0,"12":2,"13":2,"14":3,"15":1,"16":26},"b":{"0":[0,7],"1":[6,1],"2":[1,0],"3":[1,0],"4":[1,1],"5":[1,0],"6":[1,0],"7":[1,0],"8":[1,1],"9":[2,7],"10":[2,0],"11":[7,10]}}
,"C:\\Users\\alynr\\Documents\\Proyectos\\NTTDATA\\ProyectoFinal\\BOOTCAMP-0825-FRONTEND-REACT-NTT-ALYNE_REGALADO\\src\\context\\CartContext.tsx": {"path":"C:\\Users\\alynr\\Documents\\Proyectos\\NTTDATA\\ProyectoFinal\\BOOTCAMP-0825-FRONTEND-REACT-NTT-ALYNE_REGALADO\\src\\context\\CartContext.tsx","statementMap":{"0":{"start":{"line":1,"column":0},"end":{"line":1,"column":78}},"1":{"start":{"line":2,"column":0},"end":{"line":2,"column":77}},"2":{"start":{"line":4,"column":20},"end":{"line":7,"column":55}},"3":{"start":{"line":7,"column":43},"end":{"line":7,"column":52}},"4":{"start":{"line":9,"column":28},"end":{"line":17,"column":1}},"5":{"start":{"line":10,"column":28},"end":{"line":10,"column":66}},"6":{"start":{"line":12,"column":2},"end":{"line":16,"column":4}},"7":{"start":{"line":9,"column":13},"end":{"line":9,"column":28}},"8":{"start":{"line":19,"column":23},"end":{"line":19,"column":52}},"9":{"start":{"line":19,"column":29},"end":{"line":19,"column":52}},"10":{"start":{"line":19,"column":13},"end":{"line":19,"column":23}}},"fnMap":{"0":{"name":"(anonymous_0)","decl":{"start":{"line":7,"column":37},"end":{"line":7,"column":40}},"loc":{"start":{"line":7,"column":43},"end":{"line":7,"column":52}}},"1":{"name":"(anonymous_1)","decl":{"start":{"line":9,"column":28},"end":{"line":9,"column":29}},"loc":{"start":{"line":9,"column":70},"end":{"line":17,"column":1}}},"2":{"name":"(anonymous_2)","decl":{"start":{"line":19,"column":23},"end":{"line":19,"column":26}},"loc":{"start":{"line":19,"column":29},"end":{"line":19,"column":52}}}},"branchMap":{},"s":{"0":1,"1":1,"2":1,"3":0,"4":1,"5":0,"6":0,"7":1,"8":1,"9":58,"10":1},"f":{"0":0,"1":0,"2":58},"b":{}}
,"C:\\Users\\alynr\\Documents\\Proyectos\\NTTDATA\\ProyectoFinal\\BOOTCAMP-0825-FRONTEND-REACT-NTT-ALYNE_REGALADO\\src\\context\\cartReducer.ts": {"path":"C:\\Users\\alynr\\Documents\\Proyectos\\NTTDATA\\ProyectoFinal\\BOOTCAMP-0825-FRONTEND-REACT-NTT-ALYNE_REGALADO\\src\\context\\cartReducer.ts","statementMap":{"0":{"start":{"line":19,"column":27},"end":{"line":87,"column":1}},"1":{"start":{"line":24,"column":25},"end":{"line":24,"column":26}},"2":{"start":{"line":25,"column":25},"end":{"line":25,"column":26}},"3":{"start":{"line":26,"column":32},"end":{"line":26,"column":33}},"4":{"start":{"line":27,"column":28},"end":{"line":27,"column":29}},"5":{"start":{"line":30,"column":2},"end":{"line":86,"column":3}},"6":{"start":{"line":32,"column":23},"end":{"line":33,"column":null}},"7":{"start":{"line":33,"column":15},"end":{"line":33,"column":49}},"8":{"start":{"line":35,"column":6},"end":{"line":47,"column":7}},"9":{"start":{"line":36,"column":8},"end":{"line":38,"column":9}},"10":{"start":{"line":37,"column":10},"end":{"line":37,"column":23}},"11":{"start":{"line":39,"column":8},"end":{"line":45,"column":null}},"12":{"start":{"line":42,"column":12},"end":{"line":44,"column":17}},"13":{"start":{"line":48,"column":6},"end":{"line":50,"column":null}},"14":{"start":{"line":54,"column":6},"end":{"line":56,"column":null}},"15":{"start":{"line":56,"column":41},"end":{"line":56,"column":72}},"16":{"start":{"line":60,"column":6},"end":{"line":66,"column":null}},"17":{"start":{"line":63,"column":10},"end":{"line":65,"column":15}},"18":{"start":{"line":70,"column":6},"end":{"line":78,"column":null}},"19":{"start":{"line":74,"column":12},"end":{"line":76,"column":17}},"20":{"start":{"line":78,"column":25},"end":{"line":78,"column":55}},"21":{"start":{"line":82,"column":6},"end":{"line":82,"column":27}},"22":{"start":{"line":85,"column":6},"end":{"line":85,"column":19}},"23":{"start":{"line":19,"column":13},"end":{"line":19,"column":27}}},"fnMap":{"0":{"name":"(anonymous_0)","decl":{"start":{"line":19,"column":27},"end":{"line":19,"column":null}},"loc":{"start":{"line":22,"column":15},"end":{"line":87,"column":1}}},"1":{"name":"(anonymous_1)","decl":{"start":{"line":33,"column":8},"end":{"line":33,"column":9}},"loc":{"start":{"line":33,"column":15},"end":{"line":33,"column":49}}},"2":{"name":"(anonymous_2)","decl":{"start":{"line":41,"column":33},"end":{"line":41,"column":34}},"loc":{"start":{"line":42,"column":12},"end":{"line":44,"column":17}}},"3":{"name":"(anonymous_3)","decl":{"start":{"line":56,"column":34},"end":{"line":56,"column":35}},"loc":{"start":{"line":56,"column":41},"end":{"line":56,"column":72}}},"4":{"name":"(anonymous_4)","decl":{"start":{"line":62,"column":31},"end":{"line":62,"column":32}},"loc":{"start":{"line":63,"column":10},"end":{"line":65,"column":15}}},"5":{"name":"(anonymous_5)","decl":{"start":{"line":73,"column":15},"end":{"line":73,"column":16}},"loc":{"start":{"line":74,"column":12},"end":{"line":76,"column":17}}},"6":{"name":"(anonymous_6)","decl":{"start":{"line":78,"column":18},"end":{"line":78,"column":19}},"loc":{"start":{"line":78,"column":25},"end":{"line":78,"column":55}}}},"branchMap":{"0":{"loc":{"start":{"line":30,"column":2},"end":{"line":86,"column":3}},"type":"switch","locations":[{"start":{"line":31,"column":4},"end":{"line":52,"column":5}},{"start":{"line":53,"column":4},"end":{"line":58,"column":5}},{"start":{"line":59,"column":4},"end":{"line":68,"column":5}},{"start":{"line":69,"column":4},"end":{"line":80,"column":5}},{"start":{"line":81,"column":4},"end":{"line":83,"column":5}},{"start":{"line":84,"column":4},"end":{"line":85,"column":19}}]},"1":{"loc":{"start":{"line":35,"column":6},"end":{"line":47,"column":7}},"type":"if","locations":[{"start":{"line":35,"column":6},"end":{"line":47,"column":7}},{"start":{},"end":{}}]},"2":{"loc":{"start":{"line":36,"column":8},"end":{"line":38,"column":9}},"type":"if","locations":[{"start":{"line":36,"column":8},"end":{"line":38,"column":9}},{"start":{},"end":{}}]},"3":{"loc":{"start":{"line":42,"column":12},"end":{"line":44,"column":17}},"type":"cond-expr","locations":[{"start":{"line":43,"column":15},"end":{"line":43,"column":null}},{"start":{"line":44,"column":16},"end":{"line":44,"column":17}}]},"4":{"loc":{"start":{"line":63,"column":10},"end":{"line":65,"column":15}},"type":"cond-expr","locations":[{"start":{"line":64,"column":13},"end":{"line":64,"column":null}},{"start":{"line":65,"column":14},"end":{"line":65,"column":15}}]},"5":{"loc":{"start":{"line":74,"column":12},"end":{"line":76,"column":17}},"type":"cond-expr","locations":[{"start":{"line":75,"column":15},"end":{"line":75,"column":null}},{"start":{"line":76,"column":16},"end":{"line":76,"column":17}}]}},"s":{"0":2,"1":9,"2":9,"3":9,"4":9,"5":9,"6":3,"7":2,"8":3,"9":2,"10":1,"11":1,"12":1,"13":1,"14":1,"15":1,"16":1,"17":1,"18":2,"19":2,"20":2,"21":1,"22":1,"23":2},"f":{"0":9,"1":2,"2":1,"3":1,"4":1,"5":2,"6":2},"b":{"0":[3,1,1,2,1,1],"1":[2,1],"2":[1,1],"3":[1,0],"4":[1,0],"5":[2,0]}}
,"C:\\Users\\alynr\\Documents\\Proyectos\\NTTDATA\\ProyectoFinal\\BOOTCAMP-0825-FRONTEND-REACT-NTT-ALYNE_REGALADO\\src\\context\\mocks\\AuthMock.ts": {"path":"C:\\Users\\alynr\\Documents\\Proyectos\\NTTDATA\\ProyectoFinal\\BOOTCAMP-0825-FRONTEND-REACT-NTT-ALYNE_REGALADO\\src\\context\\mocks\\AuthMock.ts","statementMap":{"0":{"start":{"line":3,"column":13},"end":{"line":7,"column":2}}},"fnMap":{},"branchMap":{},"s":{"0":1},"f":{},"b":{}}
,"C:\\Users\\alynr\\Documents\\Proyectos\\NTTDATA\\ProyectoFinal\\BOOTCAMP-0825-FRONTEND-REACT-NTT-ALYNE_REGALADO\\src\\context\\mocks\\CartItemMock.ts": {"path":"C:\\Users\\alynr\\Documents\\Proyectos\\NTTDATA\\ProyectoFinal\\BOOTCAMP-0825-FRONTEND-REACT-NTT-ALYNE_REGALADO\\src\\context\\mocks\\CartItemMock.ts","statementMap":{"0":{"start":{"line":1,"column":0},"end":{"line":1,"column":66}},"1":{"start":{"line":5,"column":13},"end":{"line":14,"column":2}},"2":{"start":{"line":16,"column":13},"end":{"line":18,"column":2}}},"fnMap":{},"branchMap":{},"s":{"0":2,"1":2,"2":2},"f":{},"b":{}}
,"C:\\Users\\alynr\\Documents\\Proyectos\\NTTDATA\\ProyectoFinal\\BOOTCAMP-0825-FRONTEND-REACT-NTT-ALYNE_REGALADO\\src\\context\\mocks\\UserMock.ts": {"path":"C:\\Users\\alynr\\Documents\\Proyectos\\NTTDATA\\ProyectoFinal\\BOOTCAMP-0825-FRONTEND-REACT-NTT-ALYNE_REGALADO\\src\\context\\mocks\\UserMock.ts","statementMap":{"0":{"start":{"line":3,"column":13},"end":{"line":13,"column":2}}},"fnMap":{},"branchMap":{},"s":{"0":1},"f":{},"b":{}}
,"C:\\Users\\alynr\\Documents\\Proyectos\\NTTDATA\\ProyectoFinal\\BOOTCAMP-0825-FRONTEND-REACT-NTT-ALYNE_REGALADO\\src\\hook\\Pagination.tsx": {"path":"C:\\Users\\alynr\\Documents\\Proyectos\\NTTDATA\\ProyectoFinal\\BOOTCAMP-0825-FRONTEND-REACT-NTT-ALYNE_REGALADO\\src\\hook\\Pagination.tsx","statementMap":{"0":{"start":{"line":1,"column":0},"end":{"line":1,"column":53}},"1":{"start":{"line":3,"column":30},"end":{"line":36,"column":1}},"2":{"start":{"line":5,"column":26},"end":{"line":5,"column":37}},"3":{"start":{"line":7,"column":21},"end":{"line":7,"column":22}},"4":{"start":{"line":8,"column":20},"end":{"line":8,"column":21}},"5":{"start":{"line":10,"column":21},"end":{"line":10,"column":59}},"6":{"start":{"line":12,"column":20},"end":{"line":16,"column":33}},"7":{"start":{"line":13,"column":18},"end":{"line":13,"column":52}},"8":{"start":{"line":14,"column":16},"end":{"line":14,"column":36}},"9":{"start":{"line":15,"column":4},"end":{"line":15,"column":35}},"10":{"start":{"line":18,"column":19},"end":{"line":18,"column":76}},"11":{"start":{"line":18,"column":25},"end":{"line":18,"column":76}},"12":{"start":{"line":18,"column":40},"end":{"line":18,"column":75}},"13":{"start":{"line":19,"column":19},"end":{"line":19,"column":76}},"14":{"start":{"line":19,"column":25},"end":{"line":19,"column":76}},"15":{"start":{"line":19,"column":40},"end":{"line":19,"column":75}},"16":{"start":{"line":20,"column":19},"end":{"line":22,"column":3}},"17":{"start":{"line":21,"column":4},"end":{"line":21,"column":55}},"18":{"start":{"line":21,"column":44},"end":{"line":21,"column":55}},"19":{"start":{"line":24,"column":2},"end":{"line":26,"column":14}},"20":{"start":{"line":25,"column":4},"end":{"line":25,"column":24}},"21":{"start":{"line":28,"column":2},"end":{"line":35,"column":4}},"22":{"start":{"line":3,"column":14},"end":{"line":3,"column":30}}},"fnMap":{"0":{"name":"(anonymous_0)","decl":{"start":{"line":3,"column":30},"end":{"line":3,"column":35}},"loc":{"start":{"line":3,"column":76},"end":{"line":36,"column":1}}},"1":{"name":"(anonymous_1)","decl":{"start":{"line":12,"column":28},"end":{"line":12,"column":31}},"loc":{"start":{"line":12,"column":33},"end":{"line":16,"column":3}}},"2":{"name":"(anonymous_2)","decl":{"start":{"line":18,"column":19},"end":{"line":18,"column":22}},"loc":{"start":{"line":18,"column":25},"end":{"line":18,"column":76}}},"3":{"name":"(anonymous_3)","decl":{"start":{"line":18,"column":33},"end":{"line":18,"column":34}},"loc":{"start":{"line":18,"column":40},"end":{"line":18,"column":75}}},"4":{"name":"(anonymous_4)","decl":{"start":{"line":19,"column":19},"end":{"line":19,"column":22}},"loc":{"start":{"line":19,"column":25},"end":{"line":19,"column":76}}},"5":{"name":"(anonymous_5)","decl":{"start":{"line":19,"column":33},"end":{"line":19,"column":34}},"loc":{"start":{"line":19,"column":40},"end":{"line":19,"column":75}}},"6":{"name":"(anonymous_6)","decl":{"start":{"line":20,"column":19},"end":{"line":20,"column":20}},"loc":{"start":{"line":20,"column":33},"end":{"line":22,"column":3}}},"7":{"name":"(anonymous_7)","decl":{"start":{"line":24,"column":12},"end":{"line":24,"column":15}},"loc":{"start":{"line":24,"column":17},"end":{"line":26,"column":3}}}},"branchMap":{"0":{"loc":{"start":{"line":3,"column":47},"end":{"line":3,"column":72}},"type":"default-arg","locations":[{"start":{"line":3,"column":70},"end":{"line":3,"column":72}}]},"1":{"loc":{"start":{"line":21,"column":4},"end":{"line":21,"column":55}},"type":"if","locations":[{"start":{"line":21,"column":4},"end":{"line":21,"column":55}},{"start":{},"end":{}}]},"2":{"loc":{"start":{"line":21,"column":8},"end":{"line":21,"column":42}},"type":"binary-expr","locations":[{"start":{"line":21,"column":8},"end":{"line":21,"column":23}},{"start":{"line":21,"column":27},"end":{"line":21,"column":42}}]}},"s":{"0":1,"1":1,"2":23,"3":23,"4":23,"5":23,"6":23,"7":15,"8":15,"9":15,"10":23,"11":0,"12":0,"13":23,"14":0,"15":0,"16":23,"17":0,"18":0,"19":23,"20":15,"21":23,"22":1},"f":{"0":23,"1":15,"2":0,"3":0,"4":0,"5":0,"6":0,"7":15},"b":{"0":[0],"1":[0,0],"2":[0,0]}}
,"C:\\Users\\alynr\\Documents\\Proyectos\\NTTDATA\\ProyectoFinal\\BOOTCAMP-0825-FRONTEND-REACT-NTT-ALYNE_REGALADO\\src\\layout\\PortalLayout\\PortalLayout.tsx": {"path":"C:\\Users\\alynr\\Documents\\Proyectos\\NTTDATA\\ProyectoFinal\\BOOTCAMP-0825-FRONTEND-REACT-NTT-ALYNE_REGALADO\\src\\layout\\PortalLayout\\PortalLayout.tsx","statementMap":{"0":{"start":{"line":2,"column":0},"end":{"line":2,"column":52}},"1":{"start":{"line":3,"column":0},"end":{"line":3,"column":54}},"2":{"start":{"line":4,"column":0},"end":{"line":4,"column":52}},"3":{"start":{"line":6,"column":44},"end":{"line":16,"column":1}},"4":{"start":{"line":7,"column":2},"end":{"line":15,"column":4}},"5":{"start":{"line":18,"column":0},"end":{"line":18,"column":28}}},"fnMap":{"0":{"name":"(anonymous_1)","decl":{"start":{"line":6,"column":44},"end":{"line":6,"column":45}},"loc":{"start":{"line":6,"column":61},"end":{"line":16,"column":1}}}},"branchMap":{},"s":{"0":1,"1":1,"2":1,"3":1,"4":18,"5":1},"f":{"0":18},"b":{}}
,"C:\\Users\\alynr\\Documents\\Proyectos\\NTTDATA\\ProyectoFinal\\BOOTCAMP-0825-FRONTEND-REACT-NTT-ALYNE_REGALADO\\src\\mappers\\categoryMapper.tsx": {"path":"C:\\Users\\alynr\\Documents\\Proyectos\\NTTDATA\\ProyectoFinal\\BOOTCAMP-0825-FRONTEND-REACT-NTT-ALYNE_REGALADO\\src\\mappers\\categoryMapper.tsx","statementMap":{"0":{"start":{"line":3,"column":35},"end":{"line":9,"column":1}},"1":{"start":{"line":4,"column":2},"end":{"line":8,"column":6}},"2":{"start":{"line":4,"column":39},"end":{"line":8,"column":4}},"3":{"start":{"line":3,"column":13},"end":{"line":3,"column":35}}},"fnMap":{"0":{"name":"(anonymous_0)","decl":{"start":{"line":3,"column":35},"end":{"line":3,"column":36}},"loc":{"start":{"line":3,"column":82},"end":{"line":9,"column":1}}},"1":{"name":"(anonymous_1)","decl":{"start":{"line":4,"column":24},"end":{"line":4,"column":25}},"loc":{"start":{"line":4,"column":39},"end":{"line":8,"column":4}}}},"branchMap":{},"s":{"0":1,"1":2,"2":4,"3":1},"f":{"0":2,"1":4},"b":{}}
,"C:\\Users\\alynr\\Documents\\Proyectos\\NTTDATA\\ProyectoFinal\\BOOTCAMP-0825-FRONTEND-REACT-NTT-ALYNE_REGALADO\\src\\mappers\\districMapper.tsx": {"path":"C:\\Users\\alynr\\Documents\\Proyectos\\NTTDATA\\ProyectoFinal\\BOOTCAMP-0825-FRONTEND-REACT-NTT-ALYNE_REGALADO\\src\\mappers\\districMapper.tsx","statementMap":{"0":{"start":{"line":3,"column":32},"end":{"line":9,"column":1}},"1":{"start":{"line":4,"column":4},"end":{"line":8,"column":null}},"2":{"start":{"line":4,"column":56},"end":{"line":8,"column":6}},"3":{"start":{"line":3,"column":13},"end":{"line":3,"column":32}}},"fnMap":{"0":{"name":"(anonymous_0)","decl":{"start":{"line":3,"column":32},"end":{"line":3,"column":33}},"loc":{"start":{"line":3,"column":84},"end":{"line":9,"column":1}}},"1":{"name":"(anonymous_1)","decl":{"start":{"line":4,"column":33},"end":{"line":4,"column":34}},"loc":{"start":{"line":4,"column":56},"end":{"line":8,"column":6}}}},"branchMap":{},"s":{"0":1,"1":2,"2":38,"3":1},"f":{"0":2,"1":38},"b":{}}
,"C:\\Users\\alynr\\Documents\\Proyectos\\NTTDATA\\ProyectoFinal\\BOOTCAMP-0825-FRONTEND-REACT-NTT-ALYNE_REGALADO\\src\\mappers\\loginMapper.tsx": {"path":"C:\\Users\\alynr\\Documents\\Proyectos\\NTTDATA\\ProyectoFinal\\BOOTCAMP-0825-FRONTEND-REACT-NTT-ALYNE_REGALADO\\src\\mappers\\loginMapper.tsx","statementMap":{"0":{"start":{"line":3,"column":27},"end":{"line":9,"column":1}},"1":{"start":{"line":4,"column":2},"end":{"line":8,"column":4}},"2":{"start":{"line":3,"column":13},"end":{"line":3,"column":27}}},"fnMap":{"0":{"name":"(anonymous_0)","decl":{"start":{"line":3,"column":27},"end":{"line":3,"column":28}},"loc":{"start":{"line":3,"column":57},"end":{"line":9,"column":1}}}},"branchMap":{},"s":{"0":2,"1":2,"2":2},"f":{"0":2},"b":{}}
,"C:\\Users\\alynr\\Documents\\Proyectos\\NTTDATA\\ProyectoFinal\\BOOTCAMP-0825-FRONTEND-REACT-NTT-ALYNE_REGALADO\\src\\mappers\\productsMapper.tsx": {"path":"C:\\Users\\alynr\\Documents\\Proyectos\\NTTDATA\\ProyectoFinal\\BOOTCAMP-0825-FRONTEND-REACT-NTT-ALYNE_REGALADO\\src\\mappers\\productsMapper.tsx","statementMap":{"0":{"start":{"line":3,"column":36},"end":{"line":15,"column":1}},"1":{"start":{"line":4,"column":2},"end":{"line":14,"column":6}},"2":{"start":{"line":4,"column":36},"end":{"line":14,"column":4}},"3":{"start":{"line":3,"column":13},"end":{"line":3,"column":36}}},"fnMap":{"0":{"name":"(anonymous_0)","decl":{"start":{"line":3,"column":36},"end":{"line":3,"column":37}},"loc":{"start":{"line":3,"column":79},"end":{"line":15,"column":1}}},"1":{"name":"(anonymous_1)","decl":{"start":{"line":4,"column":22},"end":{"line":4,"column":23}},"loc":{"start":{"line":4,"column":36},"end":{"line":14,"column":4}}}},"branchMap":{},"s":{"0":1,"1":3,"2":6,"3":1},"f":{"0":3,"1":6},"b":{}}
,"C:\\Users\\alynr\\Documents\\Proyectos\\NTTDATA\\ProyectoFinal\\BOOTCAMP-0825-FRONTEND-REACT-NTT-ALYNE_REGALADO\\src\\mappers\\userMapper.tsx": {"path":"C:\\Users\\alynr\\Documents\\Proyectos\\NTTDATA\\ProyectoFinal\\BOOTCAMP-0825-FRONTEND-REACT-NTT-ALYNE_REGALADO\\src\\mappers\\userMapper.tsx","statementMap":{"0":{"start":{"line":3,"column":33},"end":{"line":16,"column":1}},"1":{"start":{"line":4,"column":2},"end":{"line":15,"column":4}},"2":{"start":{"line":3,"column":13},"end":{"line":3,"column":33}}},"fnMap":{"0":{"name":"(anonymous_0)","decl":{"start":{"line":3,"column":33},"end":{"line":3,"column":34}},"loc":{"start":{"line":3,"column":69},"end":{"line":16,"column":1}}}},"branchMap":{},"s":{"0":2,"1":2,"2":2},"f":{"0":2},"b":{}}
,"C:\\Users\\alynr\\Documents\\Proyectos\\NTTDATA\\ProyectoFinal\\BOOTCAMP-0825-FRONTEND-REACT-NTT-ALYNE_REGALADO\\src\\pages\\Home\\Home.styled.ts": {"path":"C:\\Users\\alynr\\Documents\\Proyectos\\NTTDATA\\ProyectoFinal\\BOOTCAMP-0825-FRONTEND-REACT-NTT-ALYNE_REGALADO\\src\\pages\\Home\\Home.styled.ts","statementMap":{"0":{"start":{"line":1,"column":0},"end":{"line":1,"column":39}},"1":{"start":{"line":2,"column":0},"end":{"line":2,"column":42}},"2":{"start":{"line":4,"column":13},"end":{"line":7,"column":2}},"3":{"start":{"line":8,"column":13},"end":{"line":22,"column":2}},"4":{"start":{"line":23,"column":13},"end":{"line":29,"column":2}},"5":{"start":{"line":30,"column":13},"end":{"line":44,"column":2}},"6":{"start":{"line":46,"column":13},"end":{"line":52,"column":2}}},"fnMap":{},"branchMap":{},"s":{"0":1,"1":1,"2":1,"3":1,"4":1,"5":1,"6":1},"f":{},"b":{}}
,"C:\\Users\\alynr\\Documents\\Proyectos\\NTTDATA\\ProyectoFinal\\BOOTCAMP-0825-FRONTEND-REACT-NTT-ALYNE_REGALADO\\src\\pages\\Home\\Home.tsx": {"path":"C:\\Users\\alynr\\Documents\\Proyectos\\NTTDATA\\ProyectoFinal\\BOOTCAMP-0825-FRONTEND-REACT-NTT-ALYNE_REGALADO\\src\\pages\\Home\\Home.tsx","statementMap":{"0":{"start":{"line":1,"column":0},"end":{"line":1,"column":53}},"1":{"start":{"line":3,"column":0},"end":{"line":3,"column":null}},"2":{"start":{"line":7,"column":0},"end":{"line":7,"column":66}},"3":{"start":{"line":8,"column":0},"end":{"line":8,"column":63}},"4":{"start":{"line":10,"column":0},"end":{"line":10,"column":49}},"5":{"start":{"line":11,"column":0},"end":{"line":11,"column":67}},"6":{"start":{"line":12,"column":0},"end":{"line":12,"column":79}},"7":{"start":{"line":13,"column":0},"end":{"line":13,"column":null}},"8":{"start":{"line":20,"column":0},"end":{"line":20,"column":64}},"9":{"start":{"line":21,"column":0},"end":{"line":21,"column":54}},"10":{"start":{"line":22,"column":0},"end":{"line":22,"column":48}},"11":{"start":{"line":24,"column":23},"end":{"line":27,"column":1}},"12":{"start":{"line":25,"column":21},"end":{"line":25,"column":40}},"13":{"start":{"line":26,"column":2},"end":{"line":26,"column":76}},"14":{"start":{"line":26,"column":32},"end":{"line":26,"column":74}},"15":{"start":{"line":29,"column":13},"end":{"line":130,"column":1}},"16":{"start":{"line":30,"column":38},"end":{"line":30,"column":62}},"17":{"start":{"line":31,"column":34},"end":{"line":31,"column":57}},"18":{"start":{"line":32,"column":24},"end":{"line":32,"column":47}},"19":{"start":{"line":33,"column":40},"end":{"line":33,"column":52}},"20":{"start":{"line":35,"column":40},"end":{"line":35,"column":55}},"21":{"start":{"line":36,"column":42},"end":{"line":36,"column":54}},"22":{"start":{"line":38,"column":28},"end":{"line":38,"column":29}},"23":{"start":{"line":39,"column":28},"end":{"line":39,"column":30}},"24":{"start":{"line":41,"column":27},"end":{"line":47,"column":29}},"25":{"start":{"line":43,"column":4},"end":{"line":45,"column":5}},"26":{"start":{"line":44,"column":6},"end":{"line":44,"column":69}},"27":{"start":{"line":46,"column":4},"end":{"line":46,"column":79}},"28":{"start":{"line":49,"column":72},"end":{"line":51,"column":null}},"29":{"start":{"line":54,"column":2},"end":{"line":58,"column":9}},"30":{"start":{"line":55,"column":4},"end":{"line":57,"column":7}},"31":{"start":{"line":56,"column":6},"end":{"line":56,"column":36}},"32":{"start":{"line":56,"column":16},"end":{"line":56,"column":36}},"33":{"start":{"line":60,"column":2},"end":{"line":72,"column":12}},"34":{"start":{"line":61,"column":25},"end":{"line":69,"column":6}},"35":{"start":{"line":61,"column":36},"end":{"line":69,"column":6}},"36":{"start":{"line":62,"column":6},"end":{"line":68,"column":7}},"37":{"start":{"line":63,"column":20},"end":{"line":63,"column":42}},"38":{"start":{"line":64,"column":8},"end":{"line":64,"column":34}},"39":{"start":{"line":64,"column":17},"end":{"line":64,"column":34}},"40":{"start":{"line":66,"column":22},"end":{"line":66,"column":54}},"41":{"start":{"line":67,"column":8},"end":{"line":67,"column":38}},"42":{"start":{"line":67,"column":19},"end":{"line":67,"column":38}},"43":{"start":{"line":71,"column":4},"end":{"line":71,"column":19}},"44":{"start":{"line":74,"column":2},"end":{"line":129,"column":4}},"45":{"start":{"line":82,"column":34},"end":{"line":82,"column":46}},"46":{"start":{"line":91,"column":35},"end":{"line":91,"column":65}},"47":{"start":{"line":94,"column":41},"end":{"line":94,"column":59}},"48":{"start":{"line":104,"column":18},"end":{"line":104,"column":42}},"49":{"start":{"line":122,"column":27},"end":{"line":122,"column":48}},"50":{"start":{"line":132,"column":0},"end":{"line":132,"column":20}}},"fnMap":{"0":{"name":"(anonymous_8)","decl":{"start":{"line":24,"column":23},"end":{"line":24,"column":24}},"loc":{"start":{"line":24,"column":73},"end":{"line":27,"column":1}}},"1":{"name":"(anonymous_9)","decl":{"start":{"line":26,"column":25},"end":{"line":26,"column":26}},"loc":{"start":{"line":26,"column":32},"end":{"line":26,"column":74}}},"2":{"name":"(anonymous_10)","decl":{"start":{"line":29,"column":13},"end":{"line":29,"column":16}},"loc":{"start":{"line":29,"column":18},"end":{"line":130,"column":1}}},"3":{"name":"(anonymous_11)","decl":{"start":{"line":41,"column":35},"end":{"line":41,"column":38}},"loc":{"start":{"line":41,"column":40},"end":{"line":47,"column":3}}},"4":{"name":"(anonymous_12)","decl":{"start":{"line":54,"column":12},"end":{"line":54,"column":15}},"loc":{"start":{"line":54,"column":17},"end":{"line":58,"column":3}}},"5":{"name":"(anonymous_13)","decl":{"start":{"line":55,"column":25},"end":{"line":55,"column":26}},"loc":{"start":{"line":55,"column":34},"end":{"line":57,"column":5}}},"6":{"name":"(anonymous_14)","decl":{"start":{"line":60,"column":12},"end":{"line":60,"column":15}},"loc":{"start":{"line":60,"column":17},"end":{"line":72,"column":3}}},"7":{"name":"(anonymous_15)","decl":{"start":{"line":61,"column":25},"end":{"line":61,"column":34}},"loc":{"start":{"line":61,"column":36},"end":{"line":69,"column":6}}},"8":{"name":"(anonymous_16)","decl":{"start":{"line":61,"column":36},"end":{"line":61,"column":null}},"loc":{"start":{"line":61,"column":36},"end":{"line":69,"column":5}}},"9":{"name":"(anonymous_17)","decl":{"start":{"line":82,"column":24},"end":{"line":82,"column":25}},"loc":{"start":{"line":82,"column":34},"end":{"line":82,"column":46}}},"10":{"name":"(anonymous_18)","decl":{"start":{"line":91,"column":28},"end":{"line":91,"column":29}},"loc":{"start":{"line":91,"column":35},"end":{"line":91,"column":65}}},"11":{"name":"(anonymous_19)","decl":{"start":{"line":94,"column":35},"end":{"line":94,"column":38}},"loc":{"start":{"line":94,"column":41},"end":{"line":94,"column":59}}},"12":{"name":"(anonymous_20)","decl":{"start":{"line":103,"column":31},"end":{"line":103,"column":32}},"loc":{"start":{"line":104,"column":18},"end":{"line":104,"column":42}}},"13":{"name":"(anonymous_21)","decl":{"start":{"line":122,"column":21},"end":{"line":122,"column":24}},"loc":{"start":{"line":122,"column":27},"end":{"line":122,"column":48}}}},"branchMap":{"0":{"loc":{"start":{"line":43,"column":4},"end":{"line":45,"column":5}},"type":"if","locations":[{"start":{"line":43,"column":4},"end":{"line":45,"column":5}},{"start":{},"end":{}}]},"1":{"loc":{"start":{"line":56,"column":6},"end":{"line":56,"column":36}},"type":"if","locations":[{"start":{"line":56,"column":6},"end":{"line":56,"column":36}},{"start":{},"end":{}}]},"2":{"loc":{"start":{"line":62,"column":6},"end":{"line":68,"column":7}},"type":"if","locations":[{"start":{"line":62,"column":6},"end":{"line":68,"column":7}},{"start":{"line":65,"column":13},"end":{"line":68,"column":7}}]},"3":{"loc":{"start":{"line":64,"column":8},"end":{"line":64,"column":34}},"type":"if","locations":[{"start":{"line":64,"column":8},"end":{"line":64,"column":34}},{"start":{},"end":{}}]},"4":{"loc":{"start":{"line":67,"column":8},"end":{"line":67,"column":38}},"type":"if","locations":[{"start":{"line":67,"column":8},"end":{"line":67,"column":38}},{"start":{},"end":{}}]},"5":{"loc":{"start":{"line":93,"column":17},"end":{"line":94,"column":null}},"type":"binary-expr","locations":[{"start":{"line":93,"column":17},"end":{"line":93,"column":28}},{"start":{"line":94,"column":18},"end":{"line":94,"column":71}}]},"6":{"loc":{"start":{"line":98,"column":15},"end":{"line":99,"column":null}},"type":"binary-expr","locations":[{"start":{"line":98,"column":15},"end":{"line":98,"column":43}},{"start":{"line":99,"column":16},"end":{"line":99,"column":71}}]}},"s":{"0":1,"1":1,"2":1,"3":1,"4":1,"5":1,"6":1,"7":1,"8":1,"9":1,"10":1,"11":1,"12":2,"13":2,"14":10,"15":1,"16":23,"17":23,"18":23,"19":23,"20":23,"21":23,"22":23,"23":23,"24":23,"25":15,"26":13,"27":2,"28":23,"29":23,"30":7,"31":7,"32":7,"33":23,"34":9,"35":9,"36":9,"37":7,"38":7,"39":6,"40":2,"41":2,"42":1,"43":9,"44":23,"45":2,"46":3,"47":1,"48":57,"49":0,"50":1},"f":{"0":2,"1":10,"2":23,"3":15,"4":7,"5":7,"6":9,"7":9,"8":9,"9":2,"10":3,"11":1,"12":57,"13":0},"b":{"0":[13,2],"1":[7,0],"2":[7,2],"3":[6,1],"4":[1,1],"5":[23,6],"6":[23,2]}}
,"C:\\Users\\alynr\\Documents\\Proyectos\\NTTDATA\\ProyectoFinal\\BOOTCAMP-0825-FRONTEND-REACT-NTT-ALYNE_REGALADO\\src\\pages\\Home\\moks\\mockCategories.ts": {"path":"C:\\Users\\alynr\\Documents\\Proyectos\\NTTDATA\\ProyectoFinal\\BOOTCAMP-0825-FRONTEND-REACT-NTT-ALYNE_REGALADO\\src\\pages\\Home\\moks\\mockCategories.ts","statementMap":{"0":{"start":{"line":4,"column":13},"end":{"line":125,"column":2}}},"fnMap":{},"branchMap":{},"s":{"0":1},"f":{},"b":{}}
,"C:\\Users\\alynr\\Documents\\Proyectos\\NTTDATA\\ProyectoFinal\\BOOTCAMP-0825-FRONTEND-REACT-NTT-ALYNE_REGALADO\\src\\pages\\Home\\moks\\mockCategoryProducts.ts": {"path":"C:\\Users\\alynr\\Documents\\Proyectos\\NTTDATA\\ProyectoFinal\\BOOTCAMP-0825-FRONTEND-REACT-NTT-ALYNE_REGALADO\\src\\pages\\Home\\moks\\mockCategoryProducts.ts","statementMap":{"0":{"start":{"line":5,"column":13},"end":{"line":42,"column":2}}},"fnMap":{},"branchMap":{},"s":{"0":1},"f":{},"b":{}}
,"C:\\Users\\alynr\\Documents\\Proyectos\\NTTDATA\\ProyectoFinal\\BOOTCAMP-0825-FRONTEND-REACT-NTT-ALYNE_REGALADO\\src\\pages\\Home\\moks\\mockProducts.ts": {"path":"C:\\Users\\alynr\\Documents\\Proyectos\\NTTDATA\\ProyectoFinal\\BOOTCAMP-0825-FRONTEND-REACT-NTT-ALYNE_REGALADO\\src\\pages\\Home\\moks\\mockProducts.ts","statementMap":{"0":{"start":{"line":4,"column":13},"end":{"line":68,"column":null}}},"fnMap":{},"branchMap":{},"s":{"0":3},"f":{},"b":{}}
,"C:\\Users\\alynr\\Documents\\Proyectos\\NTTDATA\\ProyectoFinal\\BOOTCAMP-0825-FRONTEND-REACT-NTT-ALYNE_REGALADO\\src\\pages\\Login\\Login.styled.ts": {"path":"C:\\Users\\alynr\\Documents\\Proyectos\\NTTDATA\\ProyectoFinal\\BOOTCAMP-0825-FRONTEND-REACT-NTT-ALYNE_REGALADO\\src\\pages\\Login\\Login.styled.ts","statementMap":{"0":{"start":{"line":1,"column":0},"end":{"line":1,"column":39}},"1":{"start":{"line":2,"column":0},"end":{"line":2,"column":42}},"2":{"start":{"line":4,"column":13},"end":{"line":10,"column":2}},"3":{"start":{"line":12,"column":13},"end":{"line":20,"column":2}},"4":{"start":{"line":22,"column":13},"end":{"line":26,"column":2}},"5":{"start":{"line":28,"column":13},"end":{"line":40,"column":2}},"6":{"start":{"line":42,"column":13},"end":{"line":53,"column":2}}},"fnMap":{},"branchMap":{},"s":{"0":2,"1":2,"2":2,"3":2,"4":2,"5":2,"6":2},"f":{},"b":{}}
,"C:\\Users\\alynr\\Documents\\Proyectos\\NTTDATA\\ProyectoFinal\\BOOTCAMP-0825-FRONTEND-REACT-NTT-ALYNE_REGALADO\\src\\pages\\Login\\Login.tsx": {"path":"C:\\Users\\alynr\\Documents\\Proyectos\\NTTDATA\\ProyectoFinal\\BOOTCAMP-0825-FRONTEND-REACT-NTT-ALYNE_REGALADO\\src\\pages\\Login\\Login.tsx","statementMap":{"0":{"start":{"line":1,"column":0},"end":{"line":1,"column":33}},"1":{"start":{"line":2,"column":0},"end":{"line":2,"column":56}},"2":{"start":{"line":3,"column":0},"end":{"line":3,"column":53}},"3":{"start":{"line":4,"column":0},"end":{"line":4,"column":44}},"4":{"start":{"line":6,"column":0},"end":{"line":6,"column":49}},"5":{"start":{"line":7,"column":0},"end":{"line":7,"column":89}},"6":{"start":{"line":8,"column":0},"end":{"line":8,"column":67}},"7":{"start":{"line":9,"column":0},"end":{"line":9,"column":48}},"8":{"start":{"line":10,"column":0},"end":{"line":10,"column":71}},"9":{"start":{"line":12,"column":14},"end":{"line":120,"column":1}},"10":{"start":{"line":13,"column":34},"end":{"line":13,"column":54}},"11":{"start":{"line":14,"column":34},"end":{"line":14,"column":54}},"12":{"start":{"line":15,"column":44},"end":{"line":15,"column":56}},"13":{"start":{"line":17,"column":48},"end":{"line":17,"column":63}},"14":{"start":{"line":18,"column":40},"end":{"line":18,"column":52}},"15":{"start":{"line":19,"column":44},"end":{"line":19,"column":56}},"16":{"start":{"line":20,"column":52},"end":{"line":20,"column":67}},"17":{"start":{"line":22,"column":15},"end":{"line":22,"column":24}},"18":{"start":{"line":24,"column":23},"end":{"line":55,"column":4}},"19":{"start":{"line":24,"column":69},"end":{"line":55,"column":4}},"20":{"start":{"line":25,"column":4},"end":{"line":25,"column":23}},"21":{"start":{"line":26,"column":4},"end":{"line":29,"column":5}},"22":{"start":{"line":27,"column":6},"end":{"line":27,"column":64}},"23":{"start":{"line":28,"column":6},"end":{"line":28,"column":13}},"24":{"start":{"line":30,"column":4},"end":{"line":33,"column":5}},"25":{"start":{"line":31,"column":6},"end":{"line":31,"column":74}},"26":{"start":{"line":32,"column":6},"end":{"line":32,"column":13}},"27":{"start":{"line":34,"column":4},"end":{"line":54,"column":5}},"28":{"start":{"line":35,"column":41},"end":{"line":37,"column":null}},"29":{"start":{"line":39,"column":6},"end":{"line":44,"column":7}},"30":{"start":{"line":40,"column":8},"end":{"line":40,"column":32}},"31":{"start":{"line":41,"column":8},"end":{"line":41,"column":40}},"32":{"start":{"line":43,"column":8},"end":{"line":43,"column":61}},"33":{"start":{"line":46,"column":6},"end":{"line":48,"column":8}},"34":{"start":{"line":52,"column":6},"end":{"line":52,"column":22}},"35":{"start":{"line":53,"column":6},"end":{"line":53,"column":22}},"36":{"start":{"line":57,"column":29},"end":{"line":67,"column":3}},"37":{"start":{"line":58,"column":4},"end":{"line":58,"column":23}},"38":{"start":{"line":59,"column":4},"end":{"line":62,"column":5}},"39":{"start":{"line":60,"column":6},"end":{"line":60,"column":51}},"40":{"start":{"line":61,"column":6},"end":{"line":61,"column":13}},"41":{"start":{"line":63,"column":4},"end":{"line":63,"column":23}},"42":{"start":{"line":64,"column":4},"end":{"line":64,"column":25}},"43":{"start":{"line":65,"column":4},"end":{"line":65,"column":30}},"44":{"start":{"line":66,"column":4},"end":{"line":66,"column":31}},"45":{"start":{"line":69,"column":2},"end":{"line":71,"column":3}},"46":{"start":{"line":70,"column":4},"end":{"line":70,"column":43}},"47":{"start":{"line":72,"column":33},"end":{"line":78,"column":3}},"48":{"start":{"line":73,"column":4},"end":{"line":73,"column":20}},"49":{"start":{"line":74,"column":4},"end":{"line":74,"column":20}},"50":{"start":{"line":75,"column":4},"end":{"line":75,"column":30}},"51":{"start":{"line":76,"column":4},"end":{"line":76,"column":23}},"52":{"start":{"line":77,"column":4},"end":{"line":77,"column":25}},"53":{"start":{"line":80,"column":2},"end":{"line":119,"column":4}},"54":{"start":{"line":87,"column":95},"end":{"line":87,"column":122}},"55":{"start":{"line":91,"column":99},"end":{"line":91,"column":126}},"56":{"start":{"line":97,"column":44},"end":{"line":97,"column":68}},"57":{"start":{"line":103,"column":53},"end":{"line":103,"column":73}},"58":{"start":{"line":107,"column":117},"end":{"line":107,"column":147}},"59":{"start":{"line":116,"column":23},"end":{"line":116,"column":50}},"60":{"start":{"line":122,"column":0},"end":{"line":122,"column":21}}},"fnMap":{"0":{"name":"(anonymous_8)","decl":{"start":{"line":12,"column":14},"end":{"line":12,"column":17}},"loc":{"start":{"line":12,"column":19},"end":{"line":120,"column":1}}},"1":{"name":"(anonymous_9)","decl":{"start":{"line":24,"column":23},"end":{"line":24,"column":30}},"loc":{"start":{"line":24,"column":69},"end":{"line":55,"column":4}}},"2":{"name":"(anonymous_10)","decl":{"start":{"line":24,"column":69},"end":{"line":24,"column":null}},"loc":{"start":{"line":24,"column":69},"end":{"line":55,"column":3}}},"3":{"name":"(anonymous_11)","decl":{"start":{"line":57,"column":29},"end":{"line":57,"column":30}},"loc":{"start":{"line":57,"column":69},"end":{"line":67,"column":3}}},"4":{"name":"(anonymous_12)","decl":{"start":{"line":72,"column":33},"end":{"line":72,"column":36}},"loc":{"start":{"line":72,"column":38},"end":{"line":78,"column":3}}},"5":{"name":"(anonymous_13)","decl":{"start":{"line":87,"column":88},"end":{"line":87,"column":89}},"loc":{"start":{"line":87,"column":95},"end":{"line":87,"column":122}}},"6":{"name":"(anonymous_14)","decl":{"start":{"line":91,"column":92},"end":{"line":91,"column":93}},"loc":{"start":{"line":91,"column":99},"end":{"line":91,"column":126}}},"7":{"name":"(anonymous_15)","decl":{"start":{"line":97,"column":38},"end":{"line":97,"column":41}},"loc":{"start":{"line":97,"column":44},"end":{"line":97,"column":68}}},"8":{"name":"(anonymous_16)","decl":{"start":{"line":103,"column":47},"end":{"line":103,"column":50}},"loc":{"start":{"line":103,"column":53},"end":{"line":103,"column":73}}},"9":{"name":"(anonymous_17)","decl":{"start":{"line":107,"column":110},"end":{"line":107,"column":111}},"loc":{"start":{"line":107,"column":117},"end":{"line":107,"column":147}}},"10":{"name":"(anonymous_18)","decl":{"start":{"line":116,"column":17},"end":{"line":116,"column":20}},"loc":{"start":{"line":116,"column":23},"end":{"line":116,"column":50}}}},"branchMap":{"0":{"loc":{"start":{"line":26,"column":4},"end":{"line":29,"column":5}},"type":"if","locations":[{"start":{"line":26,"column":4},"end":{"line":29,"column":5}},{"start":{},"end":{}}]},"1":{"loc":{"start":{"line":26,"column":8},"end":{"line":26,"column":44}},"type":"binary-expr","locations":[{"start":{"line":26,"column":8},"end":{"line":26,"column":24}},{"start":{"line":26,"column":28},"end":{"line":26,"column":44}}]},"2":{"loc":{"start":{"line":30,"column":4},"end":{"line":33,"column":5}},"type":"if","locations":[{"start":{"line":30,"column":4},"end":{"line":33,"column":5}},{"start":{},"end":{}}]},"3":{"loc":{"start":{"line":30,"column":8},"end":{"line":30,"column":74}},"type":"binary-expr","locations":[{"start":{"line":30,"column":8},"end":{"line":30,"column":39}},{"start":{"line":30,"column":43},"end":{"line":30,"column":74}}]},"4":{"loc":{"start":{"line":39,"column":6},"end":{"line":44,"column":7}},"type":"if","locations":[{"start":{"line":39,"column":6},"end":{"line":44,"column":7}},{"start":{"line":42,"column":13},"end":{"line":44,"column":7}}]},"5":{"loc":{"start":{"line":47,"column":8},"end":{"line":47,"column":68}},"type":"cond-expr","locations":[{"start":{"line":47,"column":33},"end":{"line":47,"column":46}},{"start":{"line":47,"column":49},"end":{"line":47,"column":68}}]},"6":{"loc":{"start":{"line":59,"column":4},"end":{"line":62,"column":5}},"type":"if","locations":[{"start":{"line":59,"column":4},"end":{"line":62,"column":5}},{"start":{},"end":{}}]},"7":{"loc":{"start":{"line":69,"column":2},"end":{"line":71,"column":3}},"type":"if","locations":[{"start":{"line":69,"column":2},"end":{"line":71,"column":3}},{"start":{},"end":{}}]},"8":{"loc":{"start":{"line":108,"column":11},"end":{"line":108,"column":66}},"type":"binary-expr","locations":[{"start":{"line":108,"column":11},"end":{"line":108,"column":24}},{"start":{"line":108,"column":28},"end":{"line":108,"column":66}}]}},"s":{"0":2,"1":2,"2":2,"3":2,"4":2,"5":2,"6":2,"7":2,"8":2,"9":2,"10":56,"11":56,"12":56,"13":56,"14":56,"15":56,"16":56,"17":56,"18":56,"19":9,"20":9,"21":9,"22":3,"23":3,"24":6,"25":2,"26":2,"27":4,"28":4,"29":4,"30":2,"31":2,"32":2,"33":0,"34":4,"35":4,"36":56,"37":3,"38":3,"39":1,"40":1,"41":2,"42":2,"43":2,"44":2,"45":56,"46":1,"47":55,"48":1,"49":1,"50":1,"51":1,"52":1,"53":55,"54":6,"55":6,"56":4,"57":1,"58":10,"59":1,"60":2},"f":{"0":56,"1":9,"2":9,"3":3,"4":1,"5":6,"6":6,"7":4,"8":1,"9":10,"10":1},"b":{"0":[3,6],"1":[9,6],"2":[2,4],"3":[6,4],"4":[2,2],"5":[0,0],"6":[1,2],"
[...]
,"column":6}},"20":{"start":{"line":43,"column":4},"end":{"line":45,"column":5}},"21":{"start":{"line":44,"column":6},"end":{"line":44,"column":89}},"22":{"start":{"line":46,"column":17},"end":{"line":46,"column":38}},"23":{"start":{"line":47,"column":4},"end":{"line":47,"column":28}},"24":{"start":{"line":49,"column":4},"end":{"line":49,"column":59}},"25":{"start":{"line":32,"column":13},"end":{"line":32,"column":37}}},"fnMap":{"0":{"name":"(anonymous_7)","decl":{"start":{"line":5,"column":25},"end":{"line":5,"column":32}},"loc":{"start":{"line":5,"column":97},"end":{"line":30,"column":2}}},"1":{"name":"(anonymous_8)","decl":{"start":{"line":5,"column":97},"end":{"line":5,"column":null}},"loc":{"start":{"line":5,"column":97},"end":{"line":30,"column":1}}},"2":{"name":"(anonymous_9)","decl":{"start":{"line":32,"column":37},"end":{"line":32,"column":44}},"loc":{"start":{"line":32,"column":97},"end":{"line":51,"column":2}}},"3":{"name":"(anonymous_10)","decl":{"start":{"line":32,"column":97},"end":{"line":32,"column":null}},"loc":{"start":{"line":32,"column":97},"end":{"line":51,"column":1}}}},"branchMap":{"0":{"loc":{"start":{"line":17,"column":4},"end":{"line":23,"column":5}},"type":"if","locations":[{"start":{"line":17,"column":4},"end":{"line":23,"column":5}},{"start":{"line":21,"column":11},"end":{"line":23,"column":5}}]},"1":{"loc":{"start":{"line":21,"column":11},"end":{"line":23,"column":5}},"type":"if","locations":[{"start":{"line":21,"column":11},"end":{"line":23,"column":5}},{"start":{},"end":{}}]},"2":{"loc":{"start":{"line":21,"column":15},"end":{"line":21,"column":65}},"type":"binary-expr","locations":[{"start":{"line":21,"column":15},"end":{"line":21,"column":38}},{"start":{"line":21,"column":42},"end":{"line":21,"column":65}}]},"3":{"loc":{"start":{"line":25,"column":4},"end":{"line":27,"column":5}},"type":"if","locations":[{"start":{"line":25,"column":4},"end":{"line":27,"column":5}},{"start":{},"end":{}}]},"4":{"loc":{"start":{"line":43,"column":4},"end":{"line":45,"column":5}},"type":"if","locations":[{"start":{"line":43,"column":4},"end":{"line":45,"column":5}},{"start":{},"end":{}}]}},"s":{"0":2,"1":2,"2":2,"3":3,"4":3,"5":3,"6":3,"7":1,"8":1,"9":1,"10":2,"11":1,"12":1,"13":1,"14":0,"15":2,"16":2,"17":2,"18":2,"19":2,"20":2,"21":1,"22":1,"23":1,"24":1,"25":2},"f":{"0":3,"1":3,"2":2,"3":2},"b":{"0":[1,2],"1":[1,1],"2":[2,2],"3":[1,0],"4":[1,1]}}
,"C:\\Users\\alynr\\Documents\\Proyectos\\NTTDATA\\ProyectoFinal\\BOOTCAMP-0825-FRONTEND-REACT-NTT-ALYNE_REGALADO\\src\\services\\ProductService.tsx": {"path":"C:\\Users\\alynr\\Documents\\Proyectos\\NTTDATA\\ProyectoFinal\\BOOTCAMP-0825-FRONTEND-REACT-NTT-ALYNE_REGALADO\\src\\services\\ProductService.tsx","statementMap":{"0":{"start":{"line":2,"column":0},"end":{"line":2,"column":65}},"1":{"start":{"line":3,"column":0},"end":{"line":3,"column":44}},"2":{"start":{"line":5,"column":30},"end":{"line":17,"column":2}},"3":{"start":{"line":5,"column":73},"end":{"line":17,"column":2}},"4":{"start":{"line":6,"column":2},"end":{"line":16,"column":3}},"5":{"start":{"line":7,"column":21},"end":{"line":7,"column":63}},"6":{"start":{"line":8,"column":4},"end":{"line":10,"column":5}},"7":{"start":{"line":9,"column":6},"end":{"line":9,"column":89}},"8":{"start":{"line":11,"column":17},"end":{"line":11,"column":38}},"9":{"start":{"line":12,"column":21},"end":{"line":12,"column":56}},"10":{"start":{"line":13,"column":4},"end":{"line":13,"column":20}},"11":{"start":{"line":15,"column":4},"end":{"line":15,"column":59}},"12":{"start":{"line":5,"column":13},"end":{"line":5,"column":30}},"13":{"start":{"line":19,"column":37},"end":{"line":33,"column":2}},"14":{"start":{"line":19,"column":89},"end":{"line":33,"column":2}},"15":{"start":{"line":20,"column":2},"end":{"line":32,"column":3}},"16":{"start":{"line":21,"column":21},"end":{"line":22,"column":null}},"17":{"start":{"line":24,"column":4},"end":{"line":26,"column":5}},"18":{"start":{"line":25,"column":6},"end":{"line":25,"column":89}},"19":{"start":{"line":27,"column":17},"end":{"line":27,"column":38}},"20":{"start":{"line":28,"column":21},"end":{"line":28,"column":56}},"21":{"start":{"line":29,"column":4},"end":{"line":29,"column":20}},"22":{"start":{"line":31,"column":4},"end":{"line":31,"column":59}},"23":{"start":{"line":19,"column":13},"end":{"line":19,"column":37}}},"fnMap":{"0":{"name":"(anonymous_7)","decl":{"start":{"line":5,"column":30},"end":{"line":5,"column":71}},"loc":{"start":{"line":5,"column":73},"end":{"line":17,"column":2}}},"1":{"name":"(anonymous_8)","decl":{"start":{"line":5,"column":73},"end":{"line":5,"column":null}},"loc":{"start":{"line":5,"column":73},"end":{"line":17,"column":1}}},"2":{"name":"(anonymous_9)","decl":{"start":{"line":19,"column":37},"end":{"line":19,"column":44}},"loc":{"start":{"line":19,"column":89},"end":{"line":33,"column":2}}},"3":{"name":"(anonymous_10)","decl":{"start":{"line":19,"column":89},"end":{"line":19,"column":null}},"loc":{"start":{"line":19,"column":89},"end":{"line":33,"column":1}}}},"branchMap":{"0":{"loc":{"start":{"line":8,"column":4},"end":{"line":10,"column":5}},"type":"if","locations":[{"start":{"line":8,"column":4},"end":{"line":10,"column":5}},{"start":{},"end":{}}]},"1":{"loc":{"start":{"line":24,"column":4},"end":{"line":26,"column":5}},"type":"if","locations":[{"start":{"line":24,"column":4},"end":{"line":26,"column":5}},{"start":{},"end":{}}]}},"s":{"0":1,"1":1,"2":1,"3":2,"4":2,"5":2,"6":2,"7":1,"8":1,"9":1,"10":1,"11":1,"12":1,"13":1,"14":2,"15":2,"16":2,"17":2,"18":1,"19":1,"20":1,"21":1,"22":1,"23":1},"f":{"0":2,"1":2,"2":2,"3":2},"b":{"0":[1,1],"1":[1,1]}}
,"C:\\Users\\alynr\\Documents\\Proyectos\\NTTDATA\\ProyectoFinal\\BOOTCAMP-0825-FRONTEND-REACT-NTT-ALYNE_REGALADO\\src\\services\\UserService.tsx": {"path":"C:\\Users\\alynr\\Documents\\Proyectos\\NTTDATA\\ProyectoFinal\\BOOTCAMP-0825-FRONTEND-REACT-NTT-ALYNE_REGALADO\\src\\services\\UserService.tsx","statementMap":{"0":{"start":{"line":2,"column":0},"end":{"line":2,"column":58}},"1":{"start":{"line":3,"column":0},"end":{"line":3,"column":43}},"2":{"start":{"line":5,"column":27},"end":{"line":23,"column":null}},"3":{"start":{"line":5,"column":84},"end":{"line":23,"column":null}},"4":{"start":{"line":6,"column":2},"end":{"line":22,"column":3}},"5":{"start":{"line":7,"column":21},"end":{"line":13,"column":6}},"6":{"start":{"line":14,"column":4},"end":{"line":16,"column":5}},"7":{"start":{"line":15,"column":6},"end":{"line":15,"column":89}},"8":{"start":{"line":17,"column":17},"end":{"line":17,"column":38}},"9":{"start":{"line":18,"column":17},"end":{"line":18,"column":40}},"10":{"start":{"line":19,"column":4},"end":{"line":19,"column":null}},"11":{"start":{"line":21,"column":4},"end":{"line":21,"column":null}},"12":{"start":{"line":5,"column":13},"end":{"line":5,"column":27}}},"fnMap":{"0":{"name":"(anonymous_7)","decl":{"start":{"line":5,"column":27},"end":{"line":5,"column":34}},"loc":{"start":{"line":5,"column":84},"end":{"line":23,"column":null}}},"1":{"name":"(anonymous_8)","decl":{"start":{"line":5,"column":84},"end":{"line":5,"column":null}},"loc":{"start":{"line":5,"column":84},"end":{"line":23,"column":1}}}},"branchMap":{"0":{"loc":{"start":{"line":14,"column":4},"end":{"line":16,"column":5}},"type":"if","locations":[{"start":{"line":14,"column":4},"end":{"line":16,"column":5}},{"start":{},"end":{}}]}},"s":{"0":2,"1":2,"2":2,"3":2,"4":2,"5":2,"6":2,"7":1,"8":1,"9":1,"10":1,"11":1,"12":2},"f":{"0":2,"1":2},"b":{"0":[1,1]}}
,"C:\\Users\\alynr\\Documents\\Proyectos\\NTTDATA\\ProyectoFinal\\BOOTCAMP-0825-FRONTEND-REACT-NTT-ALYNE_REGALADO\\src\\services\\mocks\\authMock.ts": {"path":"C:\\Users\\alynr\\Documents\\Proyectos\\NTTDATA\\ProyectoFinal\\BOOTCAMP-0825-FRONTEND-REACT-NTT-ALYNE_REGALADO\\src\\services\\mocks\\authMock.ts","statementMap":{"0":{"start":{"line":3,"column":13},"end":{"line":7,"column":2}}},"fnMap":{},"branchMap":{},"s":{"0":1},"f":{},"b":{}}
,"C:\\Users\\alynr\\Documents\\Proyectos\\NTTDATA\\ProyectoFinal\\BOOTCAMP-0825-FRONTEND-REACT-NTT-ALYNE_REGALADO\\src\\services\\mocks\\categoryMock.ts": {"path":"C:\\Users\\alynr\\Documents\\Proyectos\\NTTDATA\\ProyectoFinal\\BOOTCAMP-0825-FRONTEND-REACT-NTT-ALYNE_REGALADO\\src\\services\\mocks\\categoryMock.ts","statementMap":{"0":{"start":{"line":3,"column":13},"end":{"line":14,"column":2}}},"fnMap":{},"branchMap":{},"s":{"0":1},"f":{},"b":{}}
,"C:\\Users\\alynr\\Documents\\Proyectos\\NTTDATA\\ProyectoFinal\\BOOTCAMP-0825-FRONTEND-REACT-NTT-ALYNE_REGALADO\\src\\services\\mocks\\districMock.ts": {"path":"C:\\Users\\alynr\\Documents\\Proyectos\\NTTDATA\\ProyectoFinal\\BOOTCAMP-0825-FRONTEND-REACT-NTT-ALYNE_REGALADO\\src\\services\\mocks\\districMock.ts","statementMap":{"0":{"start":{"line":4,"column":13},"end":{"line":26,"column":2}}},"fnMap":{},"branchMap":{},"s":{"0":1},"f":{},"b":{}}
,"C:\\Users\\alynr\\Documents\\Proyectos\\NTTDATA\\ProyectoFinal\\BOOTCAMP-0825-FRONTEND-REACT-NTT-ALYNE_REGALADO\\src\\services\\mocks\\productMock.ts": {"path":"C:\\Users\\alynr\\Documents\\Proyectos\\NTTDATA\\ProyectoFinal\\BOOTCAMP-0825-FRONTEND-REACT-NTT-ALYNE_REGALADO\\src\\services\\mocks\\productMock.ts","statementMap":{"0":{"start":{"line":3,"column":13},"end":{"line":34,"column":2}}},"fnMap":{},"branchMap":{},"s":{"0":1},"f":{},"b":{}}
,"C:\\Users\\alynr\\Documents\\Proyectos\\NTTDATA\\ProyectoFinal\\BOOTCAMP-0825-FRONTEND-REACT-NTT-ALYNE_REGALADO\\src\\services\\mocks\\userMock.ts": {"path":"C:\\Users\\alynr\\Documents\\Proyectos\\NTTDATA\\ProyectoFinal\\BOOTCAMP-0825-FRONTEND-REACT-NTT-ALYNE_REGALADO\\src\\services\\mocks\\userMock.ts","statementMap":{"0":{"start":{"line":3,"column":13},"end":{"line":13,"column":2}}},"fnMap":{},"branchMap":{},"s":{"0":1},"f":{},"b":{}}
,"C:\\Users\\alynr\\Documents\\Proyectos\\NTTDATA\\ProyectoFinal\\BOOTCAMP-0825-FRONTEND-REACT-NTT-ALYNE_REGALADO\\src\\services\\stubs\\categoryMapperStub.ts": {"path":"C:\\Users\\alynr\\Documents\\Proyectos\\NTTDATA\\ProyectoFinal\\BOOTCAMP-0825-FRONTEND-REACT-NTT-ALYNE_REGALADO\\src\\services\\stubs\\categoryMapperStub.ts","statementMap":{"0":{"start":{"line":1,"column":0},"end":{"line":1,"column":67}},"1":{"start":{"line":2,"column":0},"end":{"line":2,"column":53}},"2":{"start":{"line":4,"column":13},"end":{"line":4,"column":62}}},"fnMap":{},"branchMap":{},"s":{"0":1,"1":1,"2":1},"f":{},"b":{}}
,"C:\\Users\\alynr\\Documents\\Proyectos\\NTTDATA\\ProyectoFinal\\BOOTCAMP-0825-FRONTEND-REACT-NTT-ALYNE_REGALADO\\src\\services\\stubs\\districMapperStub.ts": {"path":"C:\\Users\\alynr\\Documents\\Proyectos\\NTTDATA\\ProyectoFinal\\BOOTCAMP-0825-FRONTEND-REACT-NTT-ALYNE_REGALADO\\src\\services\\stubs\\districMapperStub.ts","statementMap":{"0":{"start":{"line":1,"column":0},"end":{"line":1,"column":63}},"1":{"start":{"line":2,"column":0},"end":{"line":2,"column":51}},"2":{"start":{"line":4,"column":13},"end":{"line":4,"column":67}}},"fnMap":{},"branchMap":{},"s":{"0":1,"1":1,"2":1},"f":{},"b":{}}
,"C:\\Users\\alynr\\Documents\\Proyectos\\NTTDATA\\ProyectoFinal\\BOOTCAMP-0825-FRONTEND-REACT-NTT-ALYNE_REGALADO\\src\\services\\stubs\\loginMapperStub.ts": {"path":"C:\\Users\\alynr\\Documents\\Proyectos\\NTTDATA\\ProyectoFinal\\BOOTCAMP-0825-FRONTEND-REACT-NTT-ALYNE_REGALADO\\src\\services\\stubs\\loginMapperStub.ts","statementMap":{"0":{"start":{"line":1,"column":0},"end":{"line":1,"column":56}},"1":{"start":{"line":2,"column":0},"end":{"line":2,"column":45}},"2":{"start":{"line":4,"column":13},"end":{"line":4,"column":46}}},"fnMap":{},"branchMap":{},"s":{"0":1,"1":1,"2":1},"f":{},"b":{}}
,"C:\\Users\\alynr\\Documents\\Proyectos\\NTTDATA\\ProyectoFinal\\BOOTCAMP-0825-FRONTEND-REACT-NTT-ALYNE_REGALADO\\src\\services\\stubs\\productMapperStub.ts": {"path":"C:\\Users\\alynr\\Documents\\Proyectos\\NTTDATA\\ProyectoFinal\\BOOTCAMP-0825-FRONTEND-REACT-NTT-ALYNE_REGALADO\\src\\services\\stubs\\productMapperStub.ts","statementMap":{"0":{"start":{"line":1,"column":0},"end":{"line":1,"column":68}},"1":{"start":{"line":2,"column":0},"end":{"line":2,"column":51}},"2":{"start":{"line":4,"column":13},"end":{"line":4,"column":71}}},"fnMap":{},"branchMap":{},"s":{"0":1,"1":1,"2":1},"f":{},"b":{}}
,"C:\\Users\\alynr\\Documents\\Proyectos\\NTTDATA\\ProyectoFinal\\BOOTCAMP-0825-FRONTEND-REACT-NTT-ALYNE_REGALADO\\src\\services\\stubs\\userMapperStub.ts": {"path":"C:\\Users\\alynr\\Documents\\Proyectos\\NTTDATA\\ProyectoFinal\\BOOTCAMP-0825-FRONTEND-REACT-NTT-ALYNE_REGALADO\\src\\services\\stubs\\userMapperStub.ts","statementMap":{"0":{"start":{"line":1,"column":0},"end":{"line":1,"column":61}},"1":{"start":{"line":2,"column":0},"end":{"line":2,"column":45}},"2":{"start":{"line":4,"column":13},"end":{"line":4,"column":null}},"3":{"start":{"line":5,"column":0},"end":{"line":7,"column":null}}},"fnMap":{},"branchMap":{},"s":{"0":1,"1":1,"2":1,"3":1},"f":{},"b":{}}
,"C:\\Users\\alynr\\Documents\\Proyectos\\NTTDATA\\ProyectoFinal\\BOOTCAMP-0825-FRONTEND-REACT-NTT-ALYNE_REGALADO\\src\\utils\\AppPaths.ts": {"path":"C:\\Users\\alynr\\Documents\\Proyectos\\NTTDATA\\ProyectoFinal\\BOOTCAMP-0825-FRONTEND-REACT-NTT-ALYNE_REGALADO\\src\\utils\\AppPaths.ts","statementMap":{"0":{"start":{"line":1,"column":0},"end":{"line":1,"column":null}},"1":{"start":{"line":2,"column":2},"end":{"line":2,"column":null}},"2":{"start":{"line":3,"column":2},"end":{"line":3,"column":null}},"3":{"start":{"line":4,"column":2},"end":{"line":4,"column":null}},"4":{"start":{"line":5,"column":2},"end":{"line":5,"column":null}}},"fnMap":{"0":{"name":"(anonymous_0)","decl":{"start":{"line":1,"column":0},"end":{"line":1,"column":12}},"loc":{"start":{"line":1,"column":20},"end":{"line":6,"column":1}}}},"branchMap":{"0":{"loc":{"start":{"line":1,"column":12},"end":{"line":1,"column":null}},"type":"binary-expr","locations":[{"start":{"line":1,"column":12},"end":{"line":1,"column":20}},{"start":{"line":1,"column":20},"end":{"line":1,"column":null}}]}},"s":{"0":4,"1":4,"2":4,"3":4,"4":4},"f":{"0":4},"b":{"0":[4,4]}}
,"C:\\Users\\alynr\\Documents\\Proyectos\\NTTDATA\\ProyectoFinal\\BOOTCAMP-0825-FRONTEND-REACT-NTT-ALYNE_REGALADO\\src\\utils\\Constans.ts": {"path":"C:\\Users\\alynr\\Documents\\Proyectos\\NTTDATA\\ProyectoFinal\\BOOTCAMP-0825-FRONTEND-REACT-NTT-ALYNE_REGALADO\\src\\utils\\Constans.ts","statementMap":{"0":{"start":{"line":1,"column":13},"end":{"line":1,"column":47}}},"fnMap":{},"branchMap":{},"s":{"0":5},"f":{},"b":{}}
,"C:\\Users\\alynr\\Documents\\Proyectos\\NTTDATA\\ProyectoFinal\\BOOTCAMP-0825-FRONTEND-REACT-NTT-ALYNE_REGALADO\\src\\utils\\GlobalStyle.ts": {"path":"C:\\Users\\alynr\\Documents\\Proyectos\\NTTDATA\\ProyectoFinal\\BOOTCAMP-0825-FRONTEND-REACT-NTT-ALYNE_REGALADO\\src\\utils\\GlobalStyle.ts","statementMap":{"0":{"start":{"line":1,"column":0},"end":{"line":1,"column":39}},"1":{"start":{"line":2,"column":0},"end":{"line":2,"column":32}},"2":{"start":{"line":10,"column":13},"end":{"line":16,"column":2}},"3":{"start":{"line":17,"column":13},"end":{"line":30,"column":2}},"4":{"start":{"line":32,"column":13},"end":{"line":59,"column":2}},"5":{"start":{"line":46,"column":4},"end":{"line":46,"column":53}},"6":{"start":{"line":50,"column":6},"end":{"line":52,"column":28}},"7":{"start":{"line":61,"column":13},"end":{"line":65,"column":2}},"8":{"start":{"line":67,"column":13},"end":{"line":72,"column":2}},"9":{"start":{"line":74,"column":13},"end":{"line":87,"column":2}},"10":{"start":{"line":89,"column":13},"end":{"line":126,"column":2}}},"fnMap":{"0":{"name":"(anonymous_1)","decl":{"start":{"line":45,"column":16},"end":{"line":45,"column":17}},"loc":{"start":{"line":46,"column":4},"end":{"line":46,"column":53}}},"1":{"name":"(anonymous_2)","decl":{"start":{"line":49,"column":18},"end":{"line":49,"column":19}},"loc":{"start":{"line":50,"column":6},"end":{"line":52,"column":28}}}},"branchMap":{"0":{"loc":{"start":{"line":46,"column":4},"end":{"line":46,"column":53}},"type":"cond-expr","locations":[{"start":{"line":46,"column":26},"end":{"line":46,"column":37}},{"start":{"line":46,"column":40},"end":{"line":46,"column":53}}]},"1":{"loc":{"start":{"line":50,"column":6},"end":{"line":52,"column":28}},"type":"cond-expr","locations":[{"start":{"line":51,"column":10},"end":{"line":51,"column":26}},{"start":{"line":52,"column":10},"end":{"line":52,"column":28}}]}},"s":{"0":5,"1":5,"2":5,"3":5,"4":5,"5":119,"6":119,"7":5,"8":5,"9":5,"10":5},"f":{"0":119,"1":119},"b":{"0":[64,55],"1":[64,55]}}
,"C:\\Users\\alynr\\Documents\\Proyectos\\NTTDATA\\ProyectoFinal\\BOOTCAMP-0825-FRONTEND-REACT-NTT-ALYNE_REGALADO\\src\\utils\\Images.ts": {"path":"C:\\Users\\alynr\\Documents\\Proyectos\\NTTDATA\\ProyectoFinal\\BOOTCAMP-0825-FRONTEND-REACT-NTT-ALYNE_REGALADO\\src\\utils\\Images.ts","statementMap":{"0":{"start":{"line":1,"column":13},"end":{"line":7,"column":2}}},"fnMap":{},"branchMap":{},"s":{"0":2},"f":{},"b":{}}
,"C:\\Users\\alynr\\Documents\\Proyectos\\NTTDATA\\ProyectoFinal\\BOOTCAMP-0825-FRONTEND-REACT-NTT-ALYNE_REGALADO\\src\\utils\\Links.ts": {"path":"C:\\Users\\alynr\\Documents\\Proyectos\\NTTDATA\\ProyectoFinal\\BOOTCAMP-0825-FRONTEND-REACT-NTT-ALYNE_REGALADO\\src\\utils\\Links.ts","statementMap":{"0":{"start":{"line":1,"column":0},"end":{"line":1,"column":null}},"1":{"start":{"line":2,"column":2},"end":{"line":2,"column":null}},"2":{"start":{"line":3,"column":2},"end":{"line":3,"column":null}},"3":{"start":{"line":4,"column":2},"end":{"line":4,"column":null}}},"fnMap":{"0":{"name":"(anonymous_0)","decl":{"start":{"line":1,"column":0},"end":{"line":1,"column":12}},"loc":{"start":{"line":1,"column":17},"end":{"line":5,"column":1}}}},"branchMap":{"0":{"loc":{"start":{"line":1,"column":12},"end":{"line":1,"column":null}},"type":"binary-expr","locations":[{"start":{"line":1,"column":12},"end":{"line":1,"column":17}},{"start":{"line":1,"column":17},"end":{"line":1,"column":null}}]}},"s":{"0":1,"1":1,"2":1,"3":1},"f":{"0":1},"b":{"0":[1,1]}}
,"C:\\Users\\alynr\\Documents\\Proyectos\\NTTDATA\\ProyectoFinal\\BOOTCAMP-0825-FRONTEND-REACT-NTT-ALYNE_REGALADO\\src\\utils\\Theme.ts": {"path":"C:\\Users\\alynr\\Documents\\Proyectos\\NTTDATA\\ProyectoFinal\\BOOTCAMP-0825-FRONTEND-REACT-NTT-ALYNE_REGALADO\\src\\utils\\Theme.ts","statementMap":{"0":{"start":{"line":1,"column":0},"end":{"line":1,"column":null}},"1":{"start":{"line":2,"column":2},"end":{"line":2,"column":null}},"2":{"start":{"line":3,"column":2},"end":{"line":3,"column":null}},"3":{"start":{"line":4,"column":2},"end":{"line":4,"column":null}},"4":{"start":{"line":5,"column":2},"end":{"line":5,"column":null}},"5":{"start":{"line":6,"column":2},"end":{"line":6,"column":null}},"6":{"start":{"line":7,"column":2},"end":{"line":7,"column":null}},"7":{"start":{"line":8,"column":2},"end":{"line":8,"column":null}},"8":{"start":{"line":9,"column":2},"end":{"line":9,"column":null}},"9":{"start":{"line":10,"column":2},"end":{"line":10,"column":null}},"10":{"start":{"line":11,"column":2},"end":{"line":11,"column":null}},"11":{"start":{"line":12,"column":2},"end":{"line":12,"column":null}}},"fnMap":{"0":{"name":"(anonymous_0)","decl":{"start":{"line":1,"column":0},"end":{"line":1,"column":12}},"loc":{"start":{"line":1,"column":17},"end":{"line":13,"column":1}}}},"branchMap":{"0":{"loc":{"start":{"line":1,"column":12},"end":{"line":1,"column":null}},"type":"binary-expr","locations":[{"start":{"line":1,"column":12},"end":{"line":1,"column":17}},{"start":{"line":1,"column":17},"end":{"line":1,"column":null}}]}},"s":{"0":7,"1":7,"2":7,"3":7,"4":7,"5":7,"6":7,"7":7,"8":7,"9":7,"10":7,"11":7},"f":{"0":7},"b":{"0":[7,7]}}
,"C:\\Users\\alynr\\Documents\\Proyectos\\NTTDATA\\ProyectoFinal\\BOOTCAMP-0825-FRONTEND-REACT-NTT-ALYNE_REGALADO\\src\\utils\\Validators.ts": {"path":"C:\\Users\\alynr\\Documents\\Proyectos\\NTTDATA\\ProyectoFinal\\BOOTCAMP-0825-FRONTEND-REACT-NTT-ALYNE_REGALADO\\src\\utils\\Validators.ts","statementMap":{"0":{"start":{"line":1,"column":13},"end":{"line":1,"column":56}},"1":{"start":{"line":2,"column":13},"end":{"line":2,"column":37}}},"fnMap":{},"branchMap":{},"s":{"0":2,"1":2},"f":{},"b":{}}
}
